-369,392
-369,392
-369,392
-369,391
-369,391
-369,391
-369,392
-369,392
-369,392
-370,392
-370,392
-370,392
-369,391
-369,391
-369,391
-368,392
-368,392
-368,392
-369,391
-369,391
-369,391
-369,391
-369,391
-369,391
-369,392
-369,392
-369,392
-370,390
-370,390
-370,390
-369,392
-369,392
-369,392
-368,392
-368,392
-368,392
-368,392
-368,392
-368,392
-368,390
-368,390
-368,390
-368,392
-368,392
-368,392
-369,390
-369,390
-369,390
-370,392
-370,392
-370,392
-368,391
-368,391
-368,391
-369,391
-369,391
-369,391
-369,391
-369,391
-369,391
-368,392
-368,392
-368,392
-368,390
-368,390
-368,390
-370,390
-370,390
-370,390
-369,392
-369,392
-369,392
-368,393
-368,393
-368,393
-370,391
-370,391
-370,391
-370,391
-370,391
-370,391
-369,391
-369,391
-369,391
-369,391
-369,391
-369,391
-369,391
-369,391
-369,391
-368,391
-368,391
-368,391
-369,392
-369,392
-369,392
-368,391
-368,391
-368,391
-369,391
-369,391
-369,391
-369,392
-369,392
-369,392
-369,392
-369,392
-369,392
-370,391
-370,391
-370,391
-370,392
-370,392
-370,392
-370,392
-370,392
-370,392
-369,391
-369,391
-369,391
-369,392
-369,392
-369,392
-369,392
-369,392
-369,392
-369,392
-369,392
-369,392
-368,391
-368,391
-368,391
-369,391
-369,391
-369,391
-370,391
-370,391
-370,391
-369,392
-369,392
-369,392
-369,392
-369,392
-369,392
-369,391
-369,391
-369,391
-369,391
-369,391
-369,391
-369,391
-369,391
-369,391
-369,391
-369,391
-369,391
-369,392
-369,392
-369,392
-369,391
-369,391
-369,391
-369,392
-369,392
-369,392
-368,391
-368,391
-368,391
-369,391
-369,391
-369,391
-369,392
-369,392
-369,392
-369,390
-369,390
-369,390
-369,392
-369,392
-369,392
-370,392
-370,392
-370,392
-370,391
-370,391
-370,391
-368,391
-368,391
-368,391
-369,390
-369,390
-369,390
-369,392
-369,392
-369,392
-368,391
-368,391
-368,391
-369,390
-369,390
-369,390
-370,393
-370,393
-370,393
-369,392
-369,392
-369,392
-369,392
-369,392
-369,392
-370,391
-370,391
-370,391
-370,392
-370,392
-370,392
-369,392
-369,392
-369,392
-369,391
-369,391
-369,391
-369,393
-369,393
-369,393
-368,392
-368,392
-368,392
-370,390
-370,390
-370,390
-369,392
-369,392
-369,392
-368,391
-368,391
-368,391
-368,391
-368,391
-368,391
-369,392
-369,392
-369,392
-369,392
-369,392
-369,392
-369,393
-369,393
-369,393
-369,390
-369,390
-369,390
-369,391
-369,391
-369,391
-369,391
-369,391
-369,391
-369,392
-369,392
-369,392
-369,391
-369,391
-369,391
-369,391
-369,391
-369,391
-368,391
-368,391
-368,391
-369,391
-369,391
-369,391
-370,391
-370,391
-370,391
-369,390
-369,390
-369,390
-369,391
-369,391
-369,391
-369,392
-369,392
-369,392
-369,390
-369,390
-369,390
-370,390
-370,390
-370,390
-370,391
-370,391
-370,391
-369,391
-369,391
-369,391
-369,391
-369,391
-369,391
-369,391
-369,391
-369,391
-369,392
-369,392
-369,392
-368,391
-368,391
-368,391
-368,391
-368,391
-368,391
-369,390
-369,390
-369,390
-369,391
-369,391
-369,391
-368,391
-368,391
-368,391
-369,390
-369,390
-369,390
-369,391
-369,391
-369,391
-370,392
-370,392
-370,392
-369,391
-369,391
-369,391
-369,392
-369,392
-369,392
-368,392
-368,392
-368,392
-369,391
-369,391
-369,391
-370,392
-370,392
-370,392
-369,392
-369,392
-369,392
-369,392
-369,392
-369,392
-370,391
-370,391
-370,391
-370,392
-370,392
-370,392
-369,391
-369,391
-369,391
-369,392
-369,392
-369,392
-369,391
-369,391
-369,391
-368,392
-368,392
-368,392
-368,390
-368,390
-368,390
-369,391
-369,391
-369,391
-369,392
-369,392
-369,392
-370,392
-370,392
-370,392
-369,392
-369,392
-369,392
-369,392
-369,392
-369,392
-369,392
-369,392
-369,392
-369,390
-369,390
-369,390
-368,391
-368,391
-368,391
-369,392
-369,392
-369,392
-368,392
-368,392
-368,392
-369,390
-369,390
-369,390
-369,391
-369,391
-369,391
-369,392
-369,392
-369,392
-369,391
-369,391
-369,391
-370,392
-370,392
-370,392
-370,391
-370,391
-370,391
-370,391
-370,391
-370,391
-371,390
-371,390
-371,390
-370,391
-370,391
-370,391
-370,391
-370,391
-370,391
-370,391
-370,391
-370,391
-369,391
-369,391
-369,391
-368,391
-368,391
-368,391
-370,390
-370,390
-370,390
-369,392
-369,392
-369,392
-369,392
-369,392
-369,392
-369,390
-369,390
-369,390
-369,392
-369,392
-369,392
-369,391
-369,391
-369,391
-369,392
-369,392
-369,392
-368,392
-368,392
-368,392
-369,390
-369,390
-369,390
-369,391
-369,391
-369,391
-368,391
-368,391
-368,391
-369,391
-369,391
-369,391
-368,392
-368,392
-368,392
-369,391
-369,391
-369,391
-370,391
-370,391
-370,391
-368,391
-368,391
-368,391
-368,391
-368,391
-368,391
-370,391
-370,391
-370,391
-369,391
-369,391
-369,391
-368,391
-368,391
-368,391
-370,391
-370,391
-370,391
-368,391
-368,391
-368,391
-368,391
-368,391
-368,391
-369,391
-369,391
-369,391
-369,392
-369,392
-369,392
-370,391
-370,391
-370,391
-369,391
-369,391
-369,391
-368,392
-368,392
-368,392
-368,390
-368,390
-368,390
-370,392
-370,392
-370,392
-369,391
-369,391
-369,391
-369,391
-369,391
-369,391
-369,391
-369,391
-369,391
-370,392
-370,392
-370,392
-369,390
-369,390
-369,390
-369,390
-369,390
-369,390
-369,392
-369,392
-369,392
-370,391
-370,391
-370,391
-369,391
-369,391
-369,391
-368,392
-368,392
-368,392
-369,391
-369,391
-369,391
-369,392
-369,392
-369,392
-369,392
-369,392
-369,392
-370,392
-370,392
-370,392
-369,391
-369,391
-369,391
-369,392
-369,392
-369,392
-369,391
-369,391
-369,391
-370,391
-370,391
-370,391
-369,391
-369,391
-369,391
-368,391
-368,391
-368,391
-369,391
-369,391
-369,391
-369,391
-369,391
-369,391
-369,390
-369,390
-369,390
-370,392
-370,392
-370,392
-370,390
-370,390
-370,390
-370,391
-370,391
-370,391
-369,391
-369,391
-369,391
-369,392
-369,392
-369,392
-370,392
-370,392
-370,392
-369,392
-369,392
-369,392
-369,392
-369,392
-369,392
-369,393
-369,393
-369,393
-369,391
-369,391
-369,391
-368,392
-368,392
-368,392
-370,390
-370,390
-370,390
-370,392
-370,392
-370,392
-369,391
-369,391
-369,391
-370,392
-370,392
-370,392
-369,391
-369,391
-369,391
-369,392
-369,392
-369,392
-369,390
-369,390
-369,390
-368,391
-368,391
-368,391
-369,391
-369,391
-369,391
-368,392
-368,392
-368,392
-369,392
-369,392
-369,392
-369,392
-369,392
-369,392
-369,391
-369,391
-369,391
-369,391
-369,391
-369,391
-369,391
-369,391
-369,391
-369,392
-369,392
-369,392
-369,391
-369,391
-369,391
-370,392
-370,392
-370,392
-369,392
-369,392
-369,392
-370,391
-370,391
-370,391
-369,391
-369,391
-369,391
-368,391
-368,391
-368,391
-369,390
-369,390
-369,390
-369,392
-369,392
-369,392
-370,393
-370,393
-370,393
-369,391
-369,391
-369,391
-368,390
-368,390
-368,390
-369,391
-369,391
-369,391
-369,392
-369,392
-369,392
-368,392
-368,392
-368,392
-369,391
-369,391
-369,391
-370,391
-370,391
-370,391
-369,391
-369,391
-369,391
-369,391
-369,391
-369,391
-369,392
-369,392
-369,392
-369,392
-369,392
-369,392
-368,392
-368,392
-368,392
-368,392
-368,392
-368,392
-370,392
-370,392
-370,392
-370,391
-370,391
-370,391
-369,392
-369,392
-369,392
-370,391
-370,391
-370,391
-369,391
-369,391
-369,391
-370,390
-370,390
-370,390
-369,391
-369,391
-369,391
-369,392
-369,392
-369,392
-369,391
-369,391
-369,391
-369,391
-369,391
-369,391
-370,392
-370,392
-370,392
-369,391
-369,391
-369,391
-369,391
-369,391
-369,391
-369,393
-369,393
-369,393
-368,392
-368,392
-368,392
-370,391
-370,391
-370,391
-369,390
-369,390
-369,390
-370,393
-370,393
-370,393
-369,393
-369,393
-369,393
-370,391
-370,391
-370,391
-369,392
-369,392
-369,392
-369,391
-369,391
-369,391
-369,392
-369,392
-369,392
-369,392
-369,392
-369,392
-369,391
-369,391
-369,391
-368,392
-368,392
-368,392
-368,391
-368,391
-368,391
-368,390
-368,390
-368,390
-369,392
-369,392
-369,392
-369,391
-369,391
-369,391
-369,392
-369,392
-369,392
-369,392
-369,392
-369,392
-369,392
-369,392
-369,392
-369,392
-369,392
-369,392
-369,392
-369,392
-369,392
-368,391
-368,391
-368,391
-369,392
-369,392
-369,392
-369,392
-369,392
-369,392
-369,392
-369,392
-369,392
-368,392
-368,392
-368,392
-369,391
-369,391
-369,391
-370,391
-370,391
-370,391
-368,393
-368,393
-368,393
-369,391
-369,391
-369,391
-369,391
-369,391
-369,391
-369,391
-369,391
-369,391
-368,391
-368,391
-368,391
-369,390
-369,390
-369,390
-370,392
-370,392
-370,392
-369,391
-369,391
-369,391
-369,391
-369,391
-369,391
-370,392
-370,392
-370,392
-370,391
-370,391
-370,391
-369,392
-369,392
-369,392
-370,391
-370,391
-370,391
-369,392
-369,392
-369,392
-368,391
-368,391
-368,391
-369,391
-369,391
-369,391
-369,391
-369,391
-369,391
-370,392
-370,392
-370,392
-369,391
-369,391
-369,391
-369,391
-369,391
-369,391
-369,392
-369,392
-369,392
-368,391
-368,391
-368,391
-369,392
-369,392
-369,392
-369,391
-369,391
-369,391
-370,391
-370,391
-370,391
-369,391
-369,391
-369,391
-368,392
-368,392
-368,392
-368,392
-368,392
-368,392
-369,391
-369,391
-369,391
-369,391
-369,391
-369,391
-370,392
-370,392
-370,392
-369,392
-369,392
-369,392
-370,392
-370,392
-370,392
-369,391
-369,391
-369,391
-368,391
-368,391
-368,391
-369,390
-369,390
-369,390
-368,391
-368,391
-368,391
-368,392
-368,392
-368,392
-370,391
-370,391
-370,391
-369,391
-369,391
-369,391
-369,391
-369,391
-369,391
-369,393
-369,393
-369,393
-369,391
-369,391
-369,391
-370,391
-370,391
-370,391
-368,391
-368,391
-368,391
-369,392
-369,392
-369,392
-369,391
-369,391
-369,391
-370,391
-370,391
-370,391
-368,392
-368,392
-368,392
-369,392
-369,392
-369,392
-368,392
-368,392
-368,392
-370,391
-370,391
-370,391
-369,391
-369,391
-369,391
-369,391
-369,391
-369,391
-369,392
-369,392
-369,392
-368,392
-368,392
-368,392
-368,391
-368,391
-368,391
-369,392
-369,392
-369,392
-369,392
-369,392
-369,392
-369,391
-369,391
-369,391
-368,392
-368,392
-368,392
-369,391
-369,391
-369,391
-369,392
-369,392
-369,392
-369,390
-369,390
-369,390
-370,391
-370,391
-370,391
-369,392
-369,392
-369,392
-369,392
-369,392
-369,392
-369,391
-369,391
-369,391
-368,392
-368,392
-368,392
-369,391
-369,391
-369,391
-369,391
-369,391
-369,391
-368,391
-368,391
-368,391
-369,391
-369,391
-369,391
-369,391
-369,391
-369,391
-369,391
-369,391
-369,391
-369,391
-369,391
-369,391
-368,392
-368,392
-368,392
-369,390
-369,390
-369,390
-369,391
-369,391
-369,391
-370,392
-370,392
-370,392
-369,392
-369,392
-369,392
-369,392
-369,392
-369,392
-369,392
-369,392
-369,392
-368,391
-368,391
-368,391
-368,391
-368,391
-368,391
-370,390
-370,390
-370,390
-369,391
-369,391
-369,391
-370,391
-370,391
-370,391
-368,391
-368,391
-368,391
-368,392
-368,392
-368,392
-369,392
-369,392
-369,392
-369,391
-369,391
-369,391
-370,392
-370,392
-370,392
-369,391
-369,391
-369,391
-368,391
-368,391
-368,391
-369,391
-369,391
-369,391
-368,392
-368,392
-368,392
-369,391
-369,391
-369,391
-369,390
-369,390
-369,390
-369,391
-369,391
-369,391
-369,392
-369,392
-369,392
-368,392
-368,392
-368,392
-368,391
-368,391
-368,391
-368,391
-368,391
-368,391
-369,391
-369,391
-369,391
-369,392
-369,392
-369,392
-369,392
-369,392
-369,392
-369,391
-369,391
-369,391
-369,391
-369,391
-369,391
-368,392
-368,392
-368,392
-370,392
-370,392
-370,392
-368,391
-368,391
-368,391
-369,391
-369,391
-369,391
-370,392
-370,392
-370,392
-370,393
-370,393
-370,393
-369,392
-369,392
-369,392
-368,392
-368,392
-368,392
-370,391
-370,391
-370,391
-369,392
-369,392
-369,392
-368,392
-368,392
-368,392
-368,391
-368,391
-368,391
-369,391
-369,391
-369,391
-369,392
,8,393
-368,393
-368,393
-369,391
-369,391
-369,391
-369,392
-369,392
-369,392
-368,393
-368,393
-368,393
69,392
-368,393
-368,393
-368,393
-369,391
-369,391
-369,391
-369,392
-369,392
-369,392
-368,393
-368,393
-368,393
-369,393
-369,393
-369,393
-369,391
-369,391
-369,391
-369,393
-369,393
-369,393
-368,393
-368,393
-368,393
-369,390
-369,390
-369,390
-368,393
-368,393
-368,393
-368,392
-368,392
-368,392
-369,392
-369,392
-369,392
-370,392
-370,392
-370,392
-368,392
-368,392
-368,392
-369,392
-369,392
-369,392
-369,393
-369,393
-369,393
-368,393
-368,393
-368,393
-368,391
-368,391
-368,391
-369,391
-369,391
-369,391
-368,391
-368,391
-368,391
-368,391
-368,391
-368,391
-368,391
-368,391
-368,391
-368,392
-368,392
-368,392
-369,392
-369,392
-369,392
-369,393
-369,393
-369,393
-368,391
-368,391
-368,391
-368,393
-368,393
-368,393
-368,391
-368,391
-368,391
-368,392
-368,392
-368,392
-369,392
-369,392
-369,392
-368,392
-368,392
-368,392
-368,391
-368,391
-368,391
-369,392
-369,392
-369,392
-369,393
-369,393
-369,393
-368,392
-368,392
-368,392
-369,392
-369,392
-369,392
-367,391
-367,391
-367,391
-369,391
-369,391
-369,391
-368,392
-368,392
-368,392
-369,391
-369,391
-369,391
-369,392
-369,392
-369,392
-369,393
-369,393
-369,393
-368,393
-368,393
-368,393
-369,391
-369,391
-369,391
-369,393
-369,393
-369,393
-368,392
-368,392
-368,392
-368,392
-368,392
-368,392
-369,393
-369,393
-369,393
-369,393
-369,393
-369,393
-368,393
-368,393
-368,393
-369,392
-369,392
-369,392
-368,392
-368,392
-368,392
-368,391
-368,391
-368,391
-369,391
-369,391
-369,391
-369,391
-369,391
-369,391
-369,392
-369,392
-369,392
-369,391
-369,391
-369,391
-368,391
-368,391
-368,391
-368,390
-368,390
-368,390
-369,392
-369,392
-369,392
-369,392
-369,392
-369,392
-370,392
-370,392
-370,392
-368,391
-368,391
-368,391
-370,392
-370,392
-370,392
-369,391
-369,391
-369,391
-368,394
-368,394
-368,394
-369,392
-369,392
-369,392
-367,393
-367,393
-367,393
-369,392
-369,392
-369,392
-369,391
-369,391
-369,391
-368,392
-368,392
-368,392
-369,391
-369,391
-369,391
-368,393
-368,393
-368,393
-368,392
-368,392
-368,392
-369,392
-369,392
-369,392
-369,391
-369,391
-369,391
-369,391
-369,391
-369,391
-370,393
-370,393
-370,393
-368,392
-368,392
-368,392
-369,391
-369,391
-369,391
-369,392
-369,392
-369,392
-368,393
-368,393
-368,393
-368,392
-368,392
-368,392
-368,392
-368,392
-368,392
-368,393
-368,393
-368,393
-367,391
-367,391
-367,391
-369,392
-369,392
-369,392
-368,391
-368,391
-368,391
-369,391
-369,391
-369,391
-368,393
-368,393
-368,393
-369,391
-369,391
-369,391
-369,391
-369,391
-369,391
-369,393
-369,393
-369,393
-368,391
-368,391
-368,391
-369,392
-369,392
-369,392
-368,393
-368,393
-368,393
-368,392
-368,392
-368,392
-368,392
-368,392
-368,392
-369,392
-369,392
-369,392
-368,392
-368,392
-368,392
-368,391
-368,391
-368,391
-368,392
-368,392
-368,392
-370,391
-370,391
-370,391
-369,392
-369,392
-369,392
-369,392
-369,392
-369,392
-369,391
-369,391
-369,391
-368,392
-368,392
-368,392
-369,392
-369,392
-369,392
-368,392
-368,392
-368,392
-369,391
-369,391
-369,391
-368,392
-368,392
-368,392
-369,392
-369,392
-369,392
-370,392
-370,392
-370,392
-369,393
-369,393
-369,393
-369,393
-369,393
-369,393
-369,392
-369,392
-369,392
-369,392
-369,392
-369,392
-368,393
-368,393
-368,393
-369,391
-369,391
-369,391
-368,393
-368,393
-368,393
-369,391
-369,391
-369,391
-369,393
-369,393
-369,393
-369,392
-369,392
-369,392
-368,392
-368,392
-368,392
-369,391
-369,391
-369,391
-368,391
-368,391
-368,391
-369,391
-369,391
-369,391
-367,392
-367,392
-367,392
-369,391
-369,391
-369,391
-368,393
-368,393
-368,393
-369,391
-369,391
-369,391
-369,393
-369,393
-369,393
-369,392
-369,392
-369,392
-369,392
-369,392
-369,392
-368,392
-368,392
-368,392
-368,393
-368,393
-368,393
-368,391
-368,391
-368,391
-368,392
-368,392
-368,392
-370,391
-370,391
-370,391
-368,392
-368,392
-368,392
-368,392
-368,392
-368,392
-368,392
-368,392
-368,392
-368,392
-368,392
-368,392
-369,391
-369,391
-369,391
-368,392
-368,392
-368,392
-367,389
-367,389
-367,389
-368,392
-368,392
-368,392
-368,392
-368,392
-368,392
-368,391
-368,391
-368,391
-367,392
-367,392
-367,392
-369,392
-369,392
-369,392
-368,391
-368,391
-368,391
-368,392
-368,392
-368,392
-368,391
-368,391
-368,391
-370,391
-370,391
-370,391
-368,391
-368,391
-368,391
-368,393
-368,393
-368,393
-368,392
-368,392
-368,392
-369,392
-369,392
-369,392
-368,392
-368,392
-368,392
-369,391
-369,391
-369,391
-369,392
-369,392
-369,392
-368,392
-368,392
-368,392
-368,391
-368,391
-368,391
-370,391
-370,391
-370,391
-370,392
-370,392
-370,392
-370,393
-370,393
-370,393
-371,392
-371,392
-371,392
-370,394
-370,394
-370,394
-371,393
-371,393
-371,393
-372,394
-372,394
-372,394
-373,393
-373,393
-373,393
-374,393
-374,393
-374,393
-374,391
-374,391
-374,391
-374,392
-374,392
-374,392
-373,391
-373,391
-373,391
-371,392
-371,392
-371,392
-371,393
-371,393
-371,393
-372,393
-372,393
-372,393
-372,392
-372,392
-372,392
-374,393
-374,393
-374,393
-374,394
-374,394
-374,394
-375,394
-375,394
-375,394
-376,395
-376,395
-376,395
-377,393
-377,393
-377,393
-379,393
-379,393
-379,393
-378,392
-378,392
-378,392
-377,392
-377,392
-377,392
-377,392
-377,392
-377,392
-378,394
-378,394
-378,394
-379,395
-379,395
-379,395
-380,394
-380,394
-380,394
-382,394
-382,394
-382,394
-384,394
-384,394
-384,394
-382,393
-382,393
-382,393
-382,392
-382,392
-382,392
-382,394
-382,394
-382,394
-385,395
-385,395
-385,395
-385,395
-385,395
-385,395
-388,393
-388,393
-388,393
-388,394
-388,394
-388,394
-387,393
-387,393
-387,393
-388,394
-388,394
-388,394
-390,396
-390,396
-390,396
-392,395
-392,395
-392,395
-394,394
-394,394
-394,394
-393,393
-393,393
-393,393
-393,394
-393,394
-393,394
-394,396
-394,396
-394,396
-397,394
-397,394
-397,394
-400,394
-400,394
-400,394
-399,393
-399,393
-399,393
-398,393
-398,393
-398,393
-401,394
-401,394
-401,394
-403,395
-403,395
-403,395
-405,392
-405,392
-405,392
-405,393
-405,393
-405,393
-405,394
-405,394
-405,394
-407,394
-407,394
-407,394
-409,393
-409,393
-409,393
-411,392
-411,392
-411,392
-408,392
-408,392
-408,392
-412,392
-412,392
-412,392
-414,393
-414,393
-414,393
-417,392
-417,392
-417,392
-416,391
-416,391
-416,391
-417,390
-417,390
-417,390
-419,393
-419,393
-419,393
-422,390
-422,390
-422,390
-419,390
-419,390
-419,390
-422,391
-422,391
-422,391
-424,392
-424,392
-424,392
-427,389
-427,389
-427,389
-426,389
-426,389
-426,389
-426,390
-426,390
-426,390
-429,390
-429,390
-429,390
-432,388
-432,388
-432,388
-430,387
-430,387
-430,387
-431,389
-431,389
-431,389
-435,387
-435,387
-435,387
-437,386
-437,386
-437,386
-435,386
-435,386
-435,386
-437,387
-437,387
-437,387
-440,385
-440,385
-440,385
-440,383
-440,383
-440,383
-440,382
-440,382
-440,382
-443,384
-443,384
-443,384
-446,382
-446,382
-446,382
-444,381
-444,381
-444,381
-447,383
-447,383
-447,383
-449,381
-449,381
-449,381
-451,382
-451,382
-451,382
-450,380
-450,380
-450,380
-451,382
-451,382
-451,382
-453,380
-453,380
-453,380
-450,380
-450,380
-450,380
-451,381
-451,381
-451,381
-453,383
-453,383
-453,383
-456,380
-456,380
-456,380
-455,380
-455,380
-455,380
-454,378
-454,378
-454,378
-454,380
-454,380
-454,380
-455,380
-455,380
-455,380
-457,379
-457,379
-457,379
-459,377
-459,377
-459,377
-457,378
-457,378
-457,378
-457,378
-457,378
-457,378
-457,377
-457,377
-457,377
-460,379
-460,379
-460,379
-460,378
-460,378
-460,378
-462,377
-462,377
-462,377
-464,375
-464,375
-464,375
-463,376
-463,376
-463,376
-463,374
-463,374
-463,374
-464,375
-464,375
-464,375
-465,376
-465,376
-465,376
-467,376
-467,376
-467,376
-469,374
-469,374
-469,374
-469,373
-469,373
-469,373
-467,373
-467,373
-467,373
-469,372
-469,372
-469,372
-468,375
-468,375
-468,375
-470,373
-470,373
-470,373
-471,372
-471,372
-471,372
-472,371
-472,371
-472,371
-471,371
-471,371
-471,371
-469,370
-469,370
-469,370
-472,372
-472,372
-472,372
-472,370
-472,370
-472,370
-474,372
-474,372
-474,372
-476,370
-476,370
-476,370
-477,368
-477,368
-477,368
-475,367
-475,367
-475,367
-475,367
-475,367
-475,367
-478,368
-478,368
-478,368
-479,369
-479,369
-479,369
-481,367
-481,367
-481,367
-483,366
-483,366
-483,366
-481,366
-481,366
-481,366
-480,363
-480,363
-480,363
-482,365
-482,365
-482,365
-482,366
-482,366
-482,366
-485,365
-485,365
-485,365
-485,363
-485,363
-485,363
-485,362
-485,362
-485,362
-483,363
-483,363
-483,363
-485,362
-485,362
-485,362
-485,365
-485,365
-485,365
-487,362
-487,362
-487,362
-488,361
-488,361
-488,361
-490,361
-490,361
-490,361
-487,361
-487,361
-487,361
-486,360
-486,360
-486,360
-488,361
-488,361
-488,361
-488,360
-488,360
-488,360
-490,362
-490,362
-490,362
-491,360
-491,360
-491,360
-492,360
-492,360
-492,360
-492,358
-492,358
-492,358
-491,358
-491,358
-491,358
-493,359
-493,359
-493,359
-494,360
-494,360
-494,360
-496,358
-496,358
-496,358
-497,354
-497,354
-497,354
-496,355
-496,355
-496,355
-497,354
-497,354
-497,354
-497,354
-498,355
-498,355
-498,355
-501,353
-501,353
-501,353
-502,352
-502,352
-502,352
-500,351
-500,351
-500,351
-501,349
-501,349
-501,349
-503,351
-503,351
-503,351
-506,351
-506,351
-506,351
-507,347
-507,347
-507,347
-505,346
-505,346
-505,346
-507,346
-507,346
-507,346
-508,347
-508,347
-508,347
-511,345
-511,345
-511,345
-511,343
-511,343
-511,343
-508,341
-508,341
-508,341
-513,342
-513,342
-513,342
-514,342
-514,342
-514,342
-517,339
-517,339
-517,339
-515,338
-515,338
-515,338
-516,338
-516,338
-516,338
-518,338
-518,338
-518,338
-520,336
-520,336
-520,336
-522,333
-522,333
-522,333
-520,331
-520,331
-520,331
-522,332
-522,332
-522,332
-522,331
-522,331
-522,331
-526,327
-526,327
-526,327
-525,327
-525,327
-525,327
-524,325
-524,325
-524,325
-527,326
-527,326
-527,326
-527,324
-527,324
-527,324
-532,322
-532,322
-532,322
-531,320
-531,320
-531,320
-530,318
-530,318
-530,318
-531,317
-531,317
-531,317
-533,317
-533,317
-533,317
-534,315
-534,315
-534,315
-537,311
-537,311
-537,311
-536,311
-536,311
-536,311
-536,309
-536,309
-536,309
-538,309
-538,309
-538,309
-540,309
-540,309
-540,309
-542,305
-542,305
-542,305
-543,305
-543,305
-543,305
-540,301
-540,301
-540,301
-542,302
-542,302
-542,302
-543,302
-543,302
-543,302
-546,299
-546,299
-546,299
-547,297
-547,297
-547,297
-545,295
-545,295
-545,295
-546,294
-546,294
-546,294
-547,295
-547,295
-547,295
-550,292
-550,292
-550,292
-551,289
-551,289
-551,289
-550,287
-550,287
-550,287
-550,286
-550,286
-550,286
-551,285
-551,285
-551,285
-553,283
-553,283
-553,283
-555,280
-555,280
-555,280
-553,278
-553,278
-553,278
-555,278
-555,278
-555,278
-555,279
-555,279
-555,279
-558,275
-558,275
-558,275
-558,273
-558,273
-558,273
-556,271
-556,271
-556,271
-559,271
-559,271
-559,271
-561,269
-561,269
-561,269
-562,265
-562,265
-562,265
-561,264
-561,264
-561,264
-562,263
-562,263
-562,263
-563,263
-563,263
-563,263
-566,260
-566,260
-566,260
-562,257
-562,257
-562,257
-565,256
-565,256
-565,256
-565,257
-565,257
-565,257
-568,251
-568,251
-568,251
-569,249
-569,249
-569,249
-565,248
-565,248
-565,248
-567,246
-567,246
-567,246
-568,246
-568,246
-568,246
-572,242
-572,242
-572,242
-569,242
-569,242
-569,242
-569,239
-569,239
-569,239
-570,238
-570,238
-570,238
-572,235
-572,235
-572,235
-573,232
-573,232
-573,232
-571,231
-571,231
-571,231
-571,229
-571,229
-571,229
-574,230
-574,230
-574,230
-573,226
-573,226
-573,226
-577,224
-577,224
-577,224
-574,223
-574,223
-574,223
-574,220
-574,220
-574,220
-574,219
-574,219
-574,219
-576,217
-576,217
-576,217
-578,215
-578,215
-578,215
-576,214
-576,214
-576,214
-574,209
-574,209
-574,209
-575,209
-575,209
-575,209
-577,209
-577,209
-577,209
-578,206
-578,206
-578,206
-579,203
-579,203
-579,203
-578,203
-578,203
-578,203
-576,199
-576,199
-576,199
-576,197
-576,197
-576,197
-579,195
-579,195
-579,195
-578,196
-578,196
-578,196
-579,192
-579,192
-579,192
-580,191
-580,191
-580,191
-578,188
-578,188
-578,188
-576,186
-576,186
-576,186
-578,184
-578,184
-578,184
-578,185
-578,185
-578,185
-580,183
-580,183
-580,183
-581,178
-581,178
-581,178
-580,177
-580,177
-580,177
-577,174
-577,174
-577,174
-578,174
-578,174
-578,174
-579,173
-579,173
-579,173
-580,170
-580,170
-580,170
-582,166
-582,166
-582,166
-580,165
-580,165
-580,165
-577,163
-577,163
-577,163
-578,163
-578,163
-578,163
-578,160
-578,160
-578,160
-579,158
-579,158
-579,158
-580,155
-580,155
-580,155
-576,154
-576,154
-576,154
-576,151
-576,151
-576,151
-577,151
-577,151
-577,151
-578,150
-578,150
-578,150
-579,146
-579,146
-579,146
-577,145
-577,145
-577,145
-576,143
-576,143
-576,143
-575,141
-575,141
-575,141
-578,139
-578,139
-578,139
-579,137
-579,137
-579,137
-575,135
-575,135
-575,135
-575,133
-575,133
-575,133
-576,133
-576,133
-576,133
-577,130
-577,130
-577,130
-576,128
-576,128
-576,128
-573,126
-573,126
-573,126
-574,126
-574,126
-574,126
-576,123
-576,123
-576,123
-575,120
-575,120
-575,120
-572,117
-572,117
-572,117
-573,118
-573,118
-573,118
-574,116
-574,116
-574,116
-574,113
-574,113
-574,113
-572,112
-572,112
-572,112
-572,111
-572,111
-572,111
-572,107
-572,107
-572,107
-574,105
-574,105
-574,105
-569,103
-569,103
-569,103
-571,104
-571,104
-571,104
-571,102
-571,102
-571,102
-570,100
-570,100
-570,100
-568,97
-568,97
-568,97
-568,96
-568,96
-568,96
-568,96
-570,92
-570,92
-570,92
-570,92
-567,89
-567,89
-567,89
-567,89
-567,89
-567,89
-567,89
-567,89
-568,85
-568,85
-568,85
-568,85
-564,82
-564,82
-564,82
-564,82
-564,81
-564,81
-564,81
-564,81
-564,79
-564,79
-564,79
-564,79
-562,74
-562,74
-562,74
-562,74
-562,73
-562,73
-562,73
-562,73
-561,72
-561,72
-561,72
-561,72
-561,69
-561,69
-561,69
-561,69
-558,66
-558,66
-558,66
-558,66
-559,65
-559,65
-559,65
-559,65
-559,61
-559,61
-559,61
-559,61
-554,60
-554,60
-554,60
-554,60
-555,62
-555,62
-555,62
-555,62
-556,58
-556,58
-556,58
-556,58
-554,56
-554,56
-554,56
-554,56
-553,55
-553,55
-553,55
-553,55
-554,56
-554,56
-554,56
-554,56
-554,54
-554,54
-554,54
-554,54
-554,54
-554,54
-554,54
-554,54
-552,51
-552,51
-552,51
-552,51
-552,53
-552,53
-552,53
-552,53
-553,55
-553,55
-553,55
-553,55
-555,51
-555,51
-555,51
-555,51
-555,51
-555,51
-555,51
-555,51
-554,51
-554,51
-554,51
-554,51
-552,52
-552,52
-552,52
-552,52
-550,50
-550,50
-550,50
-550,50
-551,50
-551,50
-551,50
-551,50
-552,50
-552,50
-552,50
-552,50
-553,51
-553,51
-553,51
-553,51
-554,51
-554,51
-554,51
-554,51
-554,51
-554,51
-554,51
-554,51
-555,50
-555,50
-555,50
-555,50
-554,50
-554,50
-554,50
-554,50
-553,49
-553,49
-553,49
-553,49
-551,50
-551,50
-551,50
-551,50
-552,49
-552,49
-552,49
-552,49
-550,49
-550,49
-550,49
-550,49
-552,48
-552,48
-552,48
-552,48
-552,51
-552,51
-552,51
-552,51
-552,50
-552,50
-552,50
-552,50
-551,49
-551,49
-551,49
-551,49
-551,51
-551,51
-551,51
-551,51
-550,50
-550,50
-550,50
-550,50
-551,50
-551,50
-551,50
-551,50
-550,51
-550,51
-550,51
-550,51
-549,50
-549,50
-549,50
-549,50
-551,50
-551,50
-551,50
-551,50
-550,50
-550,50
-550,50
-550,50
-549,50
-549,50
-549,50
-549,50
-552,50
-552,50
-552,50
-552,50
-551,51
-551,51
-551,51
-551,51
-550,51
-550,51
-550,51
-550,51
-550,51
-550,51
-550,51
-550,51
-550,50
-550,50
-550,50
-550,50
-550,51
-550,51
-550,51
-550,51
-550,50
-550,50
-550,50
-550,50
-551,51
-551,51
-551,51
-551,51
-550,51
-550,51
-550,51
-550,51
-550,51
-550,51
-550,51
-550,51
-550,50
-550,50
-550,50
-550,50
-551,51
-551,51
-551,51
-551,51
-550,49
-550,49
-550,49
-550,49
-550,49
-550,49
-550,49
-550,49
-552,50
-552,50
-552,50
-552,50
-551,50
-551,50
-551,50
-551,50
-551,51
-551,51
-551,51
-551,51
-551,50
-551,50
-551,50
-551,50
-550,51
-550,51
-550,51
-550,51
-551,50
-551,50
-551,50
-551,50
-552,49
-552,49
-552,49
-552,49
-553,50
-553,50
-553,50
-553,50
-552,53
-552,53
-552,53
-552,53
-554,51
-554,51
-554,51
-554,51
-554,52
-554,52
-554,52
-554,52
-553,51
-553,51
-553,51
-553,51
-553,51
-553,51
-553,51
-553,51
-553,50
-553,50
-553,50
-553,50
-553,51
-553,51
-553,51
-553,51
-553,49
-553,49
-553,49
-553,49
-551,49
-551,49
-551,49
-551,49
-551,48
-551,48
-551,48
-551,48
-550,48
-550,48
-550,48
-550,48
-549,48
-549,48
-549,48
-549,48
-548,48
-548,48
-548,48
-548,48
-548,46
-548,46
-548,46
-548,46
-547,45
-547,45
-547,45
-547,45
-547,44
-547,44
-547,44
-547,44
-546,43
-546,43
-546,43
-546,43
-547,42
-547,42
-547,42
-547,42
-547,44
-547,44
-547,44
-547,44
-547,44
-547,44
-547,44
-547,44
-547,44
-547,44
-547,44
-547,44
-548,42
-548,42
-548,42
-548,42
-550,38
-550,38
-550,38
-550,38
-548,35
-548,35
-548,35
-548,35
-545,35
-545,35
-545,35
-545,35
-542,32
-542,32
-542,32
-542,32
-541,32
-541,32
-541,32
-541,32
-540,33
-540,33
-540,33
-540,33
-542,30
-542,30
-542,30
-542,30
-542,27
-542,27
-542,27
-542,27
-538,23
-538,23
-538,23
-538,23
-536,21
-536,21
-536,21
-536,21
-535,22
-535,22
-535,22
-535,22
-533,18
-533,18
-533,18
-533,18
-531,17
-531,17
-531,17
-531,17
-529,15
-529,15
-529,15
-529,15
-527,12
-527,12
-527,12
-527,12
-530,6
-530,6
-530,6
-530,6
-522,5
-522,5
-522,5
-522,5
-521,5
-521,5
-521,5
-521,5
-522,3
-522,3
-522,3
-522,3
-518,-2
-518,-2
-518,-2
-518,-2
-516,-2
-516,-2
-516,-2
-516,-2
-514,-3
-514,-3
-514,-3
-514,-3
-514,-6
-514,-6
-514,-6
-514,-6
-510,-10
-510,-10
-510,-10
-510,-10
-506,-12
-506,-12
-506,-12
-506,-12
-506,-13
-506,-13
-506,-13
-506,-13
-504,-15
-504,-15
-504,-15
-504,-15
-503,-20
-503,-20
-503,-20
-503,-20
-496,-21
-496,-21
-496,-21
-496,-21
-495,-22
-495,-22
-495,-22
-495,-22
-494,-25
-494,-25
-494,-25
-494,-25
-491,-26
-491,-26
-491,-26
-491,-26
-490,-30
-490,-30
-490,-30
-490,-30
-484,-33
-484,-33
-484,-33
-484,-33
-484,-33
-484,-33
-484,-33
-484,-33
-482,-37
-482,-37
-482,-37
-482,-37
-478,-38
-478,-38
-478,-38
-478,-38
-478,-41
-478,-41
-478,-41
-478,-41
-472,-42
-472,-42
-472,-42
-472,-42
-471,-42
-471,-42
-471,-42
-471,-42
-469,-48
-469,-48
-469,-48
-469,-48
-466,-48
-466,-48
-466,-48
-466,-48
-464,-51
-464,-51
-464,-51
-464,-51
-459,-51
-459,-51
-459,-51
-459,-51
-457,-54
-457,-54
-457,-54
-457,-54
-454,-55
-454,-55
-454,-55
-454,-55
-453,-56
-453,-56
-453,-56
-453,-56
-451,-59
-451,-59
-451,-59
-451,-59
-447,-59
-447,-59
-447,-59
-447,-59
-444,-62
-444,-62
-444,-62
-444,-62
-440,-64
-440,-64
-440,-64
-440,-64
-439,-66
-439,-66
-439,-66
-439,-66
-437,-66
-437,-66
-437,-66
-437,-66
-432,-66
-432,-66
-432,-66
-432,-66
-430,-68
-430,-68
-430,-68
-430,-68
-428,-69
-428,-69
-428,-69
-428,-69
-425,-72
-425,-72
-425,-72
-425,-72
-421,-73
-421,-73
-421,-73
-421,-73
-417,-74
-417,-74
-417,-74
-417,-74
-415,-72
-415,-72
-415,-72
-415,-72
-415,-74
-415,-74
-415,-74
-415,-74
-410,-76
-410,-76
-410,-76
-410,-76
-409,-77
-409,-77
-409,-77
-409,-77
-405,-77
-405,-77
-405,-77
-405,-77
-403,-79
-403,-79
-403,-79
-403,-79
-400,-79
-400,-79
-400,-79
-400,-79
-397,-82
-397,-82
-397,-82
-397,-82
-393,-81
-393,-81
-393,-81
-393,-81
-393,-82
-393,-82
-393,-82
-393,-82
-389,-85
-389,-85
-389,-85
-389,-85
-386,-83
-386,-83
-386,-83
-386,-83
-386,-84
-386,-84
-386,-84
-386,-84
-382,-86
-382,-86
-382,-86
-382,-86
-377,-84
-377,-84
-377,-84
-377,-84
-378,-87
-378,-87
-378,-87
-378,-87
-374,-88
-374,-88
-374,-88
-370,-86
-370,-86
-370,-86
-370,-86
-371,-87
-371,-87
-371,-87
-371,-87
-366,-90
-366,-90
-366,-90
-366,-90
-363,-87
-363,-87
-363,-87
-363,-87
-364,-87
-364,-87
-364,-87
-364,-87
-360,-90
-360,-90
-360,-90
-360,-90
-355,-89
-355,-89
-355,-89
-355,-89
-355,-90
-355,-90
-355,-90
-355,-90
-351,-91
-351,-91
-351,-91
-351,-91
-347,-90
-347,-90
-347,-90
-347,-90
-345,-90
-345,-90
-345,-90
-345,-90
-343,-91
-343,-91
-343,-91
-343,-91
-341,-93
-341,-93
-341,-93
-341,-93
-336,-90
-336,-90
-336,-90
-336,-90
-335,-92
-335,-92
-335,-92
-335,-92
-333,-92
-333,-92
-333,-92
-333,-92
-327,-92
-327,-92
-327,-92
-327,-92
-326,-91
-326,-91
-326,-91
-326,-91
-324,-91
-324,-91
-324,-91
-324,-91
-320,-91
-320,-91
-320,-91
-320,-91
-319,-91
-319,-91
-319,-91
-319,-91
-316,-92
-316,-92
-316,-92
-316,-92
-311,-92
-311,-92
-311,-92
-311,-92
-311,-90
-311,-90
-311,-90
-311,-90
-308,-91
-308,-91
-308,-91
-308,-91
-303,-93
-303,-93
-303,-93
-303,-93
-300,-88
-300,-88
-300,-88
-300,-88
-299,-87
-299,-87
-299,-87
-299,-87
-297,-90
-297,-90
-297,-90
-297,-90
-292,-89
-292,-89
-292,-89
-292,-89
-291,-87
-291,-87
-291,-87
-291,-87
-289,-89
-289,-89
-289,-89
-283,-87
-283,-87
-283,-87
-283,-87
-282,-85
-282,-85
-282,-85
-282,-85
-281,-87
-281,-87
-281,-87
-281,-87
-276,-85
-276,-85
-276,-85
-276,-85
-274,-84
-274,-84
-274,-84
-274,-84
-272,-84
-272,-84
-272,-84
-272,-84
-270,-83
-270,-83
-270,-83
-270,-83
-263,-82
-263,-82
-263,-82
-263,-82
-263,-80
-263,-80
-263,-80
-263,-80
-262,-83
-262,-83
-262,-83
-262,-83
-255,-80
-255,-80
-255,-80
-255,-80
-256,-78
-256,-78
-256,-78
-256,-78
-254,-80
-254,-80
-254,-80
-254,-80
-248,-77
-248,-77
-248,-77
-248,-77
-247,-77
-247,-77
-247,-77
-247,-77
-247,-77
-247,-77
-247,-77
-247,-77
-242,-77
-242,-77
-242,-77
-242,-77
-239,-74
-239,-74
-239,-74
-239,-74
-239,-73
-239,-73
-239,-73
-239,-73
-236,-73
-236,-73
-236,-73
-236,-73
-232,-70
-232,-70
-232,-70
-232,-70
-234,-71
-234,-71
-234,-71
-234,-71
-228,-72
-228,-72
-228,-72
-228,-72
-226,-68
-226,-68
-226,-68
-226,-68
-228,-68
-228,-68
-228,-68
-228,-68
-222,-70
-222,-70
-222,-70
-222,-70
-220,-64
-220,-64
-220,-64
-220,-64
-220,-66
-220,-66
-220,-66
-220,-66
-218,-63
-218,-63
-218,-63
-218,-63
-219,-63
-219,-63
-219,-63
-219,-63
-213,-62
-213,-62
-213,-62
-213,-62
-210,-60
-210,-60
-210,-60
-210,-60
-213,-58
-213,-58
-213,-58
-213,-58
-209,-58
-209,-58
-209,-58
-209,-58
-209,-58
-209,-58
-209,-58
-209,-58
-204,-57
-204,-57
-204,-57
-204,-57
-202,-52
-202,-52
-202,-52
-202,-52
-203,-54
-203,-54
-203,-54
-203,-54
-200,-52
-200,-52
-200,-52
-200,-52
-201,-50
-201,-50
-201,-50
-201,-50
-198,-50
-198,-50
-198,-50
-198,-50
-199,-49
-199,-49
-199,-49
-199,-49
-198,-51
-198,-51
-198,-51
-198,-51
-197,-49
-197,-49
-197,-49
-197,-49
-197,-48
-197,-48
-197,-48
-197,-48
-193,-48
-193,-48
-193,-48
-193,-48
-194,-44
-194,-44
-194,-44
-194,-44
-194,-44
-194,-44
-194,-44
-194,-44
-191,-46
-191,-46
-191,-46
-191,-46
-192,-42
-192,-42
-192,-42
-192,-42
-193,-42
-193,-42
-193,-42
-193,-42
-188,-41
-188,-41
-188,-41
-188,-41
-189,-40
-189,-40
-189,-40
-189,-40
-191,-40
-191,-40
-191,-40
-191,-40
-188,-41
-188,-41
-188,-41
-188,-41
-186,-40
-186,-40
-186,-40
-186,-40
-189,-37
-189,-37
-189,-37
-189,-37
-190,-38
-190,-38
-190,-38
-190,-38
-190,-37
-190,-37
-190,-37
-190,-37
-187,-38
-187,-38
-187,-38
-187,-38
-186,-36
-186,-36
-186,-36
-186,-36
-185,-36
-185,-36
-185,-36
-185,-36
-186,-35
-186,-35
-186,-35
-186,-35
-190,-38
-190,-38
-190,-38
-190,-38
-191,-38
-191,-38
-191,-38
-191,-38
-189,-36
-189,-36
-189,-36
-189,-36
-186,-36
-186,-36
-186,-36
-186,-36
-187,-37
-187,-37
-187,-37
-187,-37
-185,-38
-185,-38
-185,-38
-185,-38
-186,-38
-186,-38
-186,-38
-186,-38
-187,-38
-187,-38
-187,-38
-187,-38
-187,-38
-187,-38
-187,-38
-187,-38
-189,-37
-189,-37
-189,-37
-189,-37
-189,-37
-189,-37
-189,-37
-189,-37
-189,-38
-189,-38
-189,-38
-189,-38
-189,-38
-189,-38
-189,-38
-188,-37
-188,-37
-188,-37
-188,-37
-189,-35
-189,-35
-189,-35
-189,-35
-188,-35
-188,-35
-188,-35
-188,-35
-188,-34
-188,-34
-188,-34
-188,-34
-188,-37
-188,-37
-188,-37
-188,-37
-188,-38
-188,-38
-188,-38
-188,-38
-187,-38
-187,-38
-187,-38
-187,-38
-188,-36
-188,-36
-188,-36
-188,-36
-187,-38
-187,-38
-187,-38
-187,-38
-188,-37
-188,-37
-188,-37
-188,-37
-188,-38
-188,-38
-188,-38
-188,-38
-187,-38
-187,-38
-187,-38
-187,-38
-186,-36
-186,-36
-186,-36
-186,-36
-187,-38
-187,-38
-187,-38
-187,-38
-188,-38
-188,-38
-188,-38
-188,-38
-188,-38
-188,-38
-188,-38
-188,-38
-187,-36
-187,-36
-187,-36
-187,-36
-188,-37
-188,-37
-188,-37
-188,-37
-188,-38
-188,-38
-188,-38
-188,-38
-187,-37
-187,-37
-187,-37
-187,-37
-187,-36
-187,-36
-187,-36
-187,-36
-187,-37
-187,-37
-187,-37
-187,-37
-187,-37
-187,-37
-187,-37
-187,-37
-187,-37
-187,-37
-187,-37
-187,-37
-187,-37
-187,-37
-187,-37
-187,-37
-187,-36
-187,-36
-187,-36
-187,-36
-187,-37
-187,-37
-187,-37
-187,-37
-187,-37
-187,-37
-187,-37
-187,-37
-187,-37
-187,-37
-187,-37
-187,-37
-188,-37
-188,-37
-188,-37
-188,-37
-188,-38
-188,-38
-188,-38
-188,-38
-188,-38
-188,-38
-188,-38
-188,-38
-187,-37
-187,-37
-187,-37
-187,-37
-188,-38
-188,-38
-188,-38
-188,-38
-187,-38
-187,-38
-187,-38
-187,-38
-187,-36
-187,-36
-187,-36
-187,-36
-187,-37
-187,-37
-187,-37
-187,-37
-187,-38
-187,-38
-187,-38
-187,-38
-187,-38
-187,-38
-187,-38
-187,-38
-189,-38
-189,-38
-189,-38
-189,-38
-187,-38
-187,-38
-187,-38
-187,-38
-187,-37
-187,-37
-187,-37
-187,-37
-188,-37
-188,-37
-188,-37
-188,-37
-187,-37
-187,-37
-187,-37
-187,-37
-186,-37
-186,-37
-186,-37
-186,-37
-187,-37
-187,-37
-187,-37
-187,-37
-186,-36
-186,-36
-186,-36
-186,-36
-187,-37
-187,-37
-187,-37
-187,-37
-186,-36
-186,-36
-186,-36
-186,-36
-185,-35
-185,-35
-185,-35
-185,-35
-185,-36
-185,-36
-185,-36
-185,-36
-185,-34
-185,-34
-185,-34
-185,-34
-184,-33
-184,-33
-184,-33
-184,-33
-184,-33
-184,-33
-184,-33
-184,-33
-184,-31
-184,-31
-184,-31
-184,-31
-184,-32
-184,-32
-184,-32
-184,-32
-186,-32
-186,-32
-186,-32
-186,-32
-182,-34
-182,-34
-182,-34
-182,-34
-180,-32
-180,-32
-180,-32
-180,-32
-178,-31
-178,-31
-178,-31
-178,-31
-179,-28
-179,-28
-179,-28
-179,-28
-177,-27
-177,-27
-177,-27
-177,-27
-176,-27
-176,-27
-176,-27
-176,-27
-172,-26
-172,-26
-172,-26
-172,-26
-173,-24
-173,-24
-173,-24
-173,-24
-172,-24
-172,-24
-172,-24
-172,-24
-168,-21
-168,-21
-168,-21
-168,-21
-170,-19
-170,-19
-170,-19
-170,-19
-165,-21
-165,-21
-165,-21
-165,-21
-164,-16
-164,-16
-164,-16
-164,-16
-162,-15
-162,-15
-162,-15
-162,-15
-161,-11
-161,-11
-161,-11
-161,-11
-158,-12
-158,-12
-158,-12
-158,-12
-158,-7
-158,-7
-158,-7
-158,-7
-156,-6
-156,-6
-156,-6
-156,-6
-156,-2
-156,-2
-156,-2
-156,-2
-152,-5
-152,-5
-152,-5
-152,-5
-150,1
-150,1
-150,1
-150,1
-148,0
-148,0
-148,0
-148,0
-150,2
-150,2
-150,2
-150,2
-147,5
-147,5
-147,5
-147,5
-145,8
-145,8
-145,8
-145,8
-143,13
-143,13
-143,13
-143,13
-142,14
-142,14
-142,14
-142,14
-142,16
-142,16
-142,16
-142,16
-135,18
-135,18
-135,18
-135,18
-139,23
-139,23
-139,23
-139,23
-137,27
-137,27
-137,27
-137,27
-134,26
-134,26
-134,26
-134,26
-133,30
-133,30
-133,30
-133,30
-131,34
-131,34
-131,34
-131,34
-129,37
-129,37
-129,37
-129,37
-129,38
-129,38
-129,38
-129,38
-128,41
-128,41
-128,41
-128,41
-124,46
-124,46
-124,46
-124,46
-123,48
-123,48
-123,48
-123,48
-125,52
-125,52
-125,52
-125,52
-122,56
-122,56
-122,56
-122,56
-121,57
-121,57
-121,57
-121,57
-122,60
-122,60
-122,60
-122,60
-119,62
-119,62
-119,62
-119,62
-118,67
-118,67
-118,67
-118,67
-119,69
-119,69
-119,69
-119,69
-118,73
-118,73
-118,73
-118,73
-116,75
-116,75
-116,75
-116,75
-113,78
-113,78
-113,78
-113,78
-117,82
-117,82
-117,82
-117,82
-113,87
-113,87
-113,87
-113,87
-112,88
-112,88
-112,88
-112,88
-113,90
-113,90
-113,90
-113,90
-111,95
-111,95
-111,95
-111,95
-110,100
-110,100
-110,100
-110,100
-110,102
-110,102
-110,102
-112,104
-112,104
-112,104
-111,106
-111,106
-111,106
-112,110
-112,110
-112,110
-110,112
-110,112
-110,112
-116,119
-116,119
-116,119
-114,120
-114,120
-114,120
-117,124
-117,124
-117,124
-116,124
-116,124
-116,124
-116,129
-116,129
-116,129
-114,130
-114,130
-114,130
-116,135
-116,135
-116,135
-118,136
-118,136
-118,136
-118,138
-118,138
-118,138
-117,140
-117,140
-117,140
-117,144
-117,144
-117,144
-120,145
-120,145
-120,145
-117,148
-117,148
-117,148
-118,151
-118,151
-118,151
-116,154
-116,154
-116,154
-120,156
-120,156
-120,156
-118,156
-118,156
-118,156
-117,161
-117,161
-117,161
-117,161
-116,164
-116,164
-116,164
-119,166
-119,166
-119,166
-119,166
-115,167
-115,167
-115,167
-118,171
-118,171
-118,171
-118,172
-118,172
-118,172
-117,172
-117,172
-117,172
-117,174
-117,174
-117,174
-115,176
-115,176
-115,176
-117,180
-117,180
-117,180
-119,178
-119,178
-119,178
-117,182
-117,182
-117,182
-119,186
-119,186
-119,186
-120,188
-120,188
-120,188
-121,187
-121,187
-121,187
-121,191
-121,191
-121,191
-119,192
-119,192
-119,192
-119,197
-119,197
-119,197
-124,199
-124,199
-124,199
-123,199
-123,199
-123,199
-122,201
-122,201
-122,201
-123,202
-123,202
-123,202
-122,205
-122,205
-122,205
-122,207
-122,207
-122,207
-126,206
-126,206
-126,206
-124,207
-124,207
-124,207
-121,212
-121,212
-121,212
-126,214
-126,214
-126,214
-125,214
-125,214
-125,214
-126,217
-126,217
-126,217
-127,218
-127,218
-127,218
-124,219
-124,219
-124,219
-126,222
-126,222
-126,222
-128,223
-128,223
-128,223
-128,222
-128,222
-128,222
-126,225
-126,225
-126,225
-127,228
-127,228
-127,228
-128,229
-128,229
-128,229
-128,229
-128,229
-128,229
-130,231
-130,231
-130,231
-129,233
-129,233
-129,233
-127,235
-127,235
-127,235
-131,238
-131,238
-131,238
-133,236
-133,236
-133,236
-129,237
-129,237
-129,237
-130,241
-130,241
-130,241
-130,241
-131,242
-131,242
-131,242
-132,242
-132,242
-132,242
-132,243
-132,243
-132,243
-129,243
-129,243
-129,243
-131,248
-131,248
-131,248
-133,247
-133,247
-133,247
-133,245
-133,245
-133,245
-129,248
-129,248
-129,248
-131,249
-131,249
-131,249
-131,249
-131,249
-131,249
-131,250
-131,250
-131,250
-133,251
-133,251
-133,251
-131,253
-131,253
-131,253
-134,255
-134,255
-134,255
-137,257
-137,257
-137,257
-138,257
-138,257
-138,257
-135,258
-135,258
-135,258
-135,261
-135,261
-135,261
-139,262
-139,262
-139,262
-137,263
-137,263
-137,263
-140,264
-140,264
-140,264
-141,266
-141,266
-141,266
-139,265
-139,265
-139,265
-141,270
-141,270
-141,270
-144,270
-144,270
-144,270
-145,268
-145,268
-145,268
-142,273
-142,273
-142,273
-143,274
-143,274
-143,274
-147,275
-147,275
-147,275
-146,276
-146,276
-146,276
-147,278
-147,278
-147,278
-149,278
-149,278
-149,278
-150,278
-150,278
-150,278
-147,279
-147,279
-147,279
-149,282
-149,282
-149,282
-152,285
-152,285
-152,285
-155,284
-155,284
-155,284
-152,283
-152,283
-152,283
-154,284
-154,284
-154,284
-153,287
-153,287
-153,287
-154,288
-154,288
-154,288
-152,287
-152,287
-152,287
-154,290
-154,290
-154,290
-156,293
-156,293
-156,293
-159,291
-159,291
-159,291
-157,291
-157,291
-157,291
-159,294
-159,294
-159,294
-162,293
-162,293
-162,293
-161,294
-161,294
-161,294
-161,294
-159,299
-159,299
-159,299
-162,297
-162,297
-162,297
-166,298
-166,298
-166,298
-164,299
-164,299
-164,299
-164,302
-164,302
-164,302
-166,302
-166,302
-166,302
-169,301
-169,301
-169,301
-167,302
-167,302
-167,302
-168,305
-168,305
-168,305
-169,305
-169,305
-169,305
-169,305
-169,305
-169,305
-169,305
-169,309
-169,309
-169,309
-171,311
-171,311
-171,311
-175,310
-175,310
-175,310
-173,310
-173,310
-173,310
-173,312
-173,312
-173,312
-174,311
-174,311
-174,311
-176,311
-176,311
-176,311
-177,310
-177,310
-177,310
-177,312
-177,312
-177,312
-174,312
-174,312
-174,312
-174,312
-174,312
-174,312
-174,313
-174,313
-174,313
-175,315
-175,315
-175,315
-176,316
-176,316
-176,316
-175,316
-175,316
-175,316
-175,315
-175,315
-175,315
-175,316
-175,316
-175,316
-177,315
-177,315
-177,315
-175,315
-175,315
-175,315
-176,315
-176,315
-176,315
-176,314
-176,314
-176,314
-177,315
-177,315
-177,315
-175,317
-175,317
-175,317
-175,316
-175,316
-175,316
-176,316
-176,316
-176,316
-176,317
-176,317
-176,317
-177,317
-177,317
-177,317
-178,319
-178,319
-178,319
-178,318
-178,318
-178,318
-179,317
-179,317
-179,317
-179,318
-179,318
-179,318
-179,317
-179,317
-179,317
-177,317
-177,317
-177,317
-177,319
-177,319
-177,319
-180,319
-180,319
-180,319
-180,319
-179,319
-179,319
-179,319
-180,319
-180,319
-180,319
-180,319
-180,319
-180,319
-181,319
-181,319
-181,319
-181,318
-181,318
-181,318
-181,317
-181,317
-181,317
-181,317
-181,317
-181,317
-180,317
-180,317
-180,317
-180,316
-180,316
-180,316
-179,317
-179,317
-179,317
-178,315
-178,315
-178,315
-177,317
-177,317
-177,317
-177,316
-177,316
-177,316
-177,315
-177,315
-177,315
-176,316
-176,316
-176,316
-177,315
-177,315
-177,315
-176,315
-176,315
-176,315
-178,315
-178,315
-178,315
-177,316
-177,316
-177,316
-178,315
-178,315
-178,315
-179,314
-179,314
-179,314
-179,315
-179,315
-179,315
-179,313
-179,313
-179,313
-179,313
-177,315
-177,315
-177,315
-176,316
-176,316
-176,316
-175,315
-175,315
-175,315
-174,315
-174,315
-174,315
-174,312
-174,312
-174,312
-175,310
-175,310
-175,310
-176,309
-176,309
-176,309
-177,307
-177,307
-177,307
-177,309
-177,309
-177,309
-176,310
-176,310
-176,310
-174,311
-174,311
-174,311
-172,311
-172,311
-172,311
-172,308
-172,308
-172,308
-169,305
-169,305
-169,305
-172,306
-172,306
-172,306
-174,304
-174,304
-174,304
-169,307
-169,307
-169,307
-167,305
-167,305
-167,305
-165,302
-165,302
-165,302
-166,303
-166,303
-166,303
-168,300
-168,300
-168,300
-168,300
-166,300
-166,300
-166,300
-163,298
-163,298
-163,298
-162,298
-162,298
-162,298
-162,297
-162,297
-162,297
-161,297
-161,297
-161,297
-163,293
-163,293
-163,293
-160,294
-160,294
-160,294
-162,292
-162,292
-162,292
-157,292
-157,292
-157,292
-157,292
-157,288
-157,288
-157,288
-159,288
-159,288
-159,288
-155,289
-155,289
-155,289
-150,284
-150,284
-150,284
-156,282
-156,282
-156,282
-153,283
-153,283
-153,283
-149,280
-149,280
-149,280
-150,279
-150,279
-150,279
-149,277
-149,277
-149,277
-148,277
-148,277
-148,277
-148,274
-148,274
-148,274
-145,274
-145,274
-145,274
-144,269
-144,269
-144,269
-146,269
-146,269
-146,269
-140,268
-140,268
-140,268
-142,263
-142,263
-142,263
-141,265
-141,265
-141,265
-137,261
-137,261
-137,261
-139,259
-139,259
-139,259
-136,259
-136,259
-136,259
-137,254
-137,254
-137,254
-134,254
-134,254
-134,254
-133,248
-133,248
-133,248
-133,248
-132,250
-132,250
-132,250
-132,250
-129,244
-129,244
-129,244
-131,245
-131,245
-131,245
-127,240
-127,240
-127,240
-128,238
-128,238
-128,238
-127,235
-127,235
-127,235
-127,235
-125,235
-125,235
-125,235
-124,229
-124,229
-124,229
-126,229
-126,229
-126,229
-124,227
-124,227
-124,227
-124,227
-125,226
-125,226
-125,226
-125,227
-125,227
-125,227
-126,226
-126,226
-126,226
-126,224
-126,224
-126,224
-125,225
-125,225
-125,225
-125,223
-125,223
-125,223
-124,219
-124,219
-124,219
-124,219
-124,219
-124,219
-122,215
-122,215
-122,215
-125,215
-125,215
-125,215
-121,214
-121,214
-121,214
-124,210
-124,210
-124,210
-123,209
-123,209
-123,209
-121,205
-121,205
-121,205
-121,205
-122,206
-122,206
-122,206
-119,200
-119,200
-119,200
-122,200
-122,200
-122,200
-118,197
-118,197
-118,197
-122,195
-122,195
-122,195
-120,194
-120,194
-120,194
-118,189
-118,189
-118,189
-122,190
-122,190
-122,190
-118,186
-118,186
-118,186
-121,181
-121,181
-121,181
-119,182
-119,182
-119,182
-117,178
-117,178
-117,178
-122,175
-122,175
-122,175
-118,175
-118,175
-118,175
-118,172
-118,172
-118,172
-121,170
-121,170
-121,170
-117,168
-117,168
-117,168
-120,165
-120,165
-120,165
-117,162
-117,162
-117,162
-119,159
-119,159
-119,159
-118,159
-118,159
-118,159
-116,153
-116,153
-116,153
-121,153
-121,153
-121,153
-119,152
-119,152
-119,152
-121,146
-121,146
-121,146
-119,144
-119,144
-119,144
-121,143
-121,143
-121,143
-117,140
-117,140
-117,140
-120,135
-120,135
-120,135
-119,135
-119,135
-119,135
-119,131
-119,131
-119,131
-120,128
-120,128
-120,128
-122,125
-122,125
-122,125
-119,125
-119,125
-119,125
-121,119
-121,119
-121,119
-120,117
-120,117
-120,117
-122,115
-122,115
-122,115
-118,111
-118,111
-118,111
-121,107
-121,107
-121,107
-119,105
-119,105
-119,105
-119,101
-119,101
-119,101
-118,96
-118,96
-118,96
-119,91
-119,91
-119,91
-119,91
-118,87
-118,87
-118,87
-118,87
-115,81
-115,81
-115,81
-115,81
-120,73
-120,73
-120,73
-120,73
-120,72
-120,72
-120,72
-120,72
-117,67
-117,67
-117,67
-117,67
-122,64
-122,64
-122,64
-122,64
-122,62
-122,62
-122,62
-122,62
-124,57
-124,57
-124,57
-124,57
-126,52
-126,52
-126,52
-126,52
-126,50
-126,50
-126,50
-126,50
-128,47
-128,47
-128,47
-128,47
-132,44
-132,44
-132,44
-132,44
-131,38
-131,38
-131,38
-131,38
-130,34
-130,34
-130,34
-130,34
-134,32
-134,32
-134,32
-134,32
-138,30
-138,30
-138,30
-138,30
-135,24
-135,24
-135,24
-135,24
-139,23
-139,23
-139,23
-139,23
-143,22
-143,22
-143,22
-143,22
-143,15
-143,15
-143,15
-143,15
-145,12
-145,12
-145,12
-145,12
-146,12
-146,12
-146,12
-146,12
-149,7
-149,7
-149,7
-149,7
-151,2
-151,2
-151,2
-151,2
-151,3
-151,3
-151,3
-151,3
-154,-2
-154,-2
-154,-2
-154,-2
-158,-5
-158,-5
-158,-5
-158,-5
-159,-5
-159,-5
-159,-5
-159,-5
-163,-9
-163,-9
-163,-9
-163,-9
-164,-12
-164,-12
-164,-12
-164,-12
-164,-13
-164,-13
-164,-13
-164,-13
-169,-18
-169,-18
-169,-18
-169,-18
-170,-19
-170,-19
-170,-19
-170,-19
-170,-21
-170,-21
-170,-21
-170,-21
-178,-25
-178,-25
-178,-25
-178,-25
-177,-29
-177,-29
-177,-29
-177,-29
-180,-30
-180,-30
-180,-30
-180,-30
-185,-31
-185,-31
-185,-31
-185,-31
-184,-36
-184,-36
-184,-36
-190,-37
-190,-37
-190,-37
-190,-37
-190,-38
-190,-38
-190,-38
-190,-38
-191,-41
-191,-41
-191,-41
-191,-41
-197,-41
-197,-41
-197,-41
-197,-41
-197,-46
-197,-46
-197,-46
-197,-46
-202,-47
-202,-47
-202,-47
-202,-47
-205,-48
-205,-48
-205,-48
-205,-48
-205,-52
-205,-52
-205,-52
-205,-52
-211,-51
-211,-51
-211,-51
-211,-51
-212,-56
-212,-56
-212,-56
-212,-56
-216,-58
-216,-58
-216,-58
-216,-58
-220,-57
-220,-57
-220,-57
-220,-57
-219,-60
-219,-60
-219,-60
-219,-60
-225,-58
-225,-58
-225,-58
-225,-58
-226,-63
-226,-63
-226,-63
-226,-63
-230,-64
-230,-64
-230,-64
-230,-64
-235,-65
-235,-65
-235,-65
-235,-65
-233,-68
-233,-68
-233,-68
-233,-68
-241,-68
-241,-68
-241,-68
-241,-68
-243,-70
-243,-70
-243,-70
-243,-70
-244,-72
-244,-72
-244,-72
-244,-72
-251,-72
-251,-72
-251,-72
-251,-72
-248,-75
-248,-75
-248,-75
-248,-75
-257,-74
-257,-74
-257,-74
-257,-74
-257,-77
-257,-77
-257,-77
-257,-77
-260,-76
-260,-76
-260,-76
-260,-76
-266,-79
-266,-79
-266,-79
-266,-79
-266,-78
-266,-78
-266,-78
-266,-78
-272,-80
-272,-80
-272,-80
-272,-80
-273,-77
-273,-77
-273,-77
-273,-77
-277,-81
-277,-81
-277,-81
-277,-81
-279,-81
-279,-81
-279,-81
-279,-81
-283,-82
-283,-82
-283,-82
-283,-82
-286,-84
-286,-84
-286,-84
-286,-84
-292,-84
-292,-84
-292,-84
-292,-84
-292,-85
-292,-85
-292,-85
-292,-85
-297,-84
-297,-84
-297,-84
-297,-84
-297,-85
-297,-85
-297,-85
-297,-85
-303,-85
-303,-85
-303,-85
-303,-85
-304,-86
-304,-86
-304,-86
-304,-86
-311,-85
-311,-85
-311,-85
-311,-85
-310,-84
-310,-84
-310,-84
-310,-84
-314,-85
-314,-85
-314,-85
-314,-85
-316,-85
-316,-85
-316,-85
-316,-85
-318,-87
-318,-87
-318,-87
-318,-87
-322,-85
-322,-85
-322,-85
-322,-85
-326,-86
-326,-86
-326,-86
-326,-86
-328,-86
-328,-86
-328,-86
-328,-86
-330,-85
-330,-85
-330,-85
-330,-85
-332,-85
-332,-85
-332,-85
-332,-85
-334,-86
-334,-86
-334,-86
-334,-86
-338,-86
-338,-86
-338,-86
-338,-86
-337,-84
-337,-84
-337,-84
-337,-84
-338,-85
-338,-85
-338,-85
-338,-85
-344,-86
-344,-86
-344,-86
-344,-86
-345,-83
-345,-83
-345,-83
-345,-83
-346,-84
-346,-84
-346,-84
-346,-84
-346,-85
-346,-85
-346,-85
-346,-85
-353,-86
-353,-86
-353,-86
-353,-86
-351,-81
-351,-81
-351,-81
-351,-81
-352,-80
-352,-80
-352,-80
-352,-80
-351,-84
-351,-84
-351,-84
-351,-84
-351,-84
-351,-84
-351,-84
-351,-84
-356,-84
-356,-84
-356,-84
-356,-84
-358,-83
-358,-83
-358,-83
-358,-83
-359,-83
-359,-83
-359,-83
-359,-83
-357,-81
-357,-81
-357,-81
-357,-81
-357,-78
-357,-78
-357,-78
-357,-78
-356,-81
-356,-81
-356,-81
-356,-81
-356,-82
-356,-82
-356,-82
-356,-82
-356,-82
-356,-82
-356,-82
-356,-82
-357,-82
-357,-82
-357,-82
-357,-82
-355,-82
-355,-82
-355,-82
-355,-82
-356,-84
-356,-84
-356,-84
-356,-84
-357,-83
-357,-83
-357,-83
-357,-83
-355,-84
-355,-84
-355,-84
-355,-84
-355,-83
-355,-83
-355,-83
-355,-83
-354,-82
-354,-82
-354,-82
-354,-82
-355,-84
-355,-84
-355,-84
-355,-84
-353,-84
-353,-84
-353,-84
-353,-84
-354,-83
-354,-83
-354,-83
-354,-83
-355,-82
-355,-82
-355,-82
-355,-82
-353,-82
-353,-82
-353,-82
-353,-82
-354,-82
-354,-82
-354,-82
-354,-82
-353,-82
-353,-82
-353,-82
-353,-82
-353,-81
-353,-81
-353,-81
-353,-81
-354,-82
-354,-82
-354,-82
-354,-82
-354,-82
-354,-82
-354,-82
-354,-82
-355,-83
-355,-83
-355,-83
-355,-83
-355,-82
-355,-82
-355,-82
-355,-82
-354,-82
-354,-82
-354,-82
-354,-82
-354,-82
-354,-82
-354,-82
-354,-82
-353,-82
-353,-82
-353,-82
-353,-82
-355,-81
-355,-81
-355,-81
-355,-81
-355,-82
-355,-82
-355,-82
-355,-82
-355,-82
-355,-82
-355,-82
-355,-82
-353,-83
-353,-83
-353,-83
-353,-83
-354,-82
-354,-82
-354,-82
-354,-82
-355,-82
-355,-82
-355,-82
-355,-82
-355,-80
-355,-80
-355,-80
-355,-80
-354,-81
-354,-81
-354,-81
-354,-81
-354,-82
-354,-82
-354,-82
-354,-82
-353,-81
-353,-81
-353,-81
-353,-81
-353,-81
-353,-81
-353,-81
-353,-81
-355,-82
-355,-82
-355,-82
-355,-82
-354,-84
-354,-84
-354,-84
-354,-84
-354,-82
-354,-82
-354,-82
-354,-82
-354,-82
-354,-82
-354,-82
-354,-82
-354,-81
-354,-81
-354,-81
-354,-81
-355,-82
-355,-82
-355,-82
-355,-82
-354,-82
-354,-82
-354,-82
-354,-82
-354,-81
-354,-81
-354,-81
-354,-81
-353,-81
-353,-81
-353,-81
-353,-81
-353,-82
-353,-82
-353,-82
-353,-82
-354,-81
-354,-81
-354,-81
-354,-81
-354,-83
-354,-83
-354,-83
-354,-83
-354,-82
-354,-82
-354,-82
-354,-82
-354,-82
-354,-82
-354,-82
-354,-82
-355,-82
-355,-82
-355,-82
-355,-82
-354,-82
-354,-82
-354,-82
-354,-82
-354,-82
-354,-82
-354,-82
-354,-82
-353,-82
-353,-82
-353,-82
-353,-82
-354,-81
-354,-81
-354,-81
-354,-81
-355,-81
-355,-81
-355,-81
-355,-81
-354,-82
-354,-82
-354,-82
-354,-82
-355,-81
-355,-81
-355,-81
-355,-81
-353,-81
-353,-81
-353,-81
-353,-81
-355,-82
-355,-82
-355,-82
-355,-82
-354,-81
-354,-81
-354,-81
-354,-81
-355,-80
-355,-80
-355,-80
-355,-80
-355,-81
-355,-81
-355,-81
-355,-81
-356,-81
-356,-81
-356,-81
-356,-81
-356,-81
-356,-81
-356,-81
-356,-81
-358,-81
-358,-81
-358,-81
-358,-81
-360,-82
-360,-82
-360,-82
-360,-82
-361,-82
-361,-82
-361,-82
-361,-82
-362,-81
-362,-81
-362,-81
-362,-81
-362,-81
-362,-81
-362,-81
-362,-81
-364,-79
-364,-79
-364,-79
-364,-79
-366,-77
-366,-77
-366,-77
-366,-77
-364,-79
-364,-79
-364,-79
-366,-79
-366,-79
-366,-79
-366,-79
-368,-80
-368,-80
-368,-80
-368,-80
-368,-79
-368,-79
-368,-79
-368,-79
-373,-79
-373,-79
-373,-79
-373,-79
-375,-78
-375,-78
-375,-78
-375,-78
-376,-76
-376,-76
-376,-76
-376,-76
-376,-75
-376,-75
-376,-75
-376,-75
-379,-77
-379,-77
-379,-77
-379,-77
-382,-77
-382,-77
-382,-77
-382,-77
-387,-74
-387,-74
-387,-74
-387,-74
-387,-71
-387,-71
-387,-71
-387,-71
-388,-71
-388,-71
-388,-71
-388,-71
-390,-73
-390,-73
-390,-73
-390,-73
-396,-70
-396,-70
-396,-70
-396,-70
-397,-69
-397,-69
-397,-69
-397,-69
-399,-70
-399,-70
-399,-70
-399,-70
-402,-68
-402,-68
-402,-68
-402,-68
-404,-67
-404,-67
-404,-67
-404,-67
-405,-68
-405,-68
-405,-68
-405,-68
-408,-66
-408,-66
-408,-66
-408,-66
-412,-65
-412,-65
-412,-65
-412,-65
-412,-64
-412,-64
-412,-64
-412,-64
-414,-65
-414,-65
-414,-65
-414,-65
-418,-62
-418,-62
-418,-62
-418,-62
-418,-61
-418,-61
-418,-61
-418,-61
-422,-62
-422,-62
-422,-62
-422,-62
-424,-58
-424,-58
-424,-58
-424,-58
-425,-59
-425,-59
-425,-59
-425,-59
-429,-58
-429,-58
-429,-58
-429,-58
-430,-55
-430,-55
-430,-55
-430,-55
-431,-56
-431,-56
-431,-56
-431,-56
-435,-54
-435,-54
-435,-54
-435,-54
-438,-51
-438,-51
-438,-51
-438,-51
-439,-53
-439,-53
-439,-53
-439,-53
-442,-51
-442,-51
-442,-51
-442,-51
-443,-49
-443,-49
-443,-49
-443,-49
-444,-49
-444,-49
-444,-49
-444,-49
-448,-48
-448,-48
-448,-48
-448,-48
-449,-44
-449,-44
-449,-44
-449,-44
-450,-45
-450,-45
-450,-45
-450,-45
-455,-43
-455,-43
-455,-43
-455,-43
-455,-42
-455,-42
-455,-42
-455,-42
-456,-42
-456,-42
-456,-42
-456,-42
-460,-39
-460,-39
-460,-39
-460,-39
-462,-38
-462,-38
-462,-38
-462,-38
-462,-36
-462,-36
-462,-36
-462,-36
-464,-37
-464,-37
-464,-37
-464,-37
-469,-35
-469,-35
-469,-35
-469,-35
-468,-31
-468,-31
-468,-31
-468,-31
-470,-32
-470,-32
-470,-32
-470,-32
-472,-31
-472,-31
-472,-31
-472,-31
-477,-28
-477,-28
-477,-28
-477,-28
-477,-25
-477,-25
-477,-25
-477,-25
-476,-26
-476,-26
-476,-26
-476,-26
-481,-26
-481,-26
-481,-26
-481,-26
-482,-20
-482,-20
-482,-20
-482,-20
-483,-21
-483,-21
-483,-21
-483,-21
-484,-21
-484,-21
-484,-21
-484,-21
-489,-19
-489,-19
-489,-19
-489,-19
-488,-15
-488,-15
-488,-15
-488,-15
-490,-16
-490,-16
-490,-16
-490,-16
-492,-15
-492,-15
-492,-15
-492,-15
-495,-13
-495,-13
-495,-13
-495,-13
-494,-9
-494,-9
-494,-9
-494,-9
-496,-10
-496,-10
-496,-10
-496,-10
-498,-9
-498,-9
-498,-9
-498,-9
-502,-7
-502,-7
-502,-7
-502,-7
-501,-3
-501,-3
-501,-3
-501,-3
-502,-3
-502,-3
-502,-3
-502,-3
-503,-2
-503,-2
-503,-2
-503,-2
-507,-1
-507,-1
-507,-1
-507,-1
-509,2
-509,2
-509,2
-509,2
-506,2
-506,2
-506,2
-506,2
-509,2
-509,2
-509,2
-509,2
-510,2
-510,2
-510,2
-510,2
-515,6
-515,6
-515,6
-515,6
-517,7
-517,7
-517,7
-517,7
-516,10
-516,10
-516,10
-516,10
-517,11
-517,11
-517,11
-517,11
-517,12
-517,12
-517,12
-517,12
-522,13
-522,13
-522,13
-522,13
-524,15
-524,15
-524,15
-524,15
-523,18
-523,18
-523,18
-523,18
-523,19
-523,19
-523,19
-523,19
-524,19
-524,19
-524,19
-524,19
-524,19
-524,19
-524,19
-524,19
-525,20
-525,20
-525,20
-525,20
-528,22
-528,22
-528,22
-528,22
-531,22
-531,22
-531,22
-531,22
-531,24
-531,24
-531,24
-531,24
-531,25
-531,25
-531,25
-531,25
-531,28
-531,28
-531,28
-531,28
-530,27
-530,27
-530,27
-530,27
-531,29
-531,29
-531,29
-531,29
-532,29
-532,29
-532,29
-532,29
-532,31
-532,31
-532,31
-532,31
-533,30
-533,30
-533,30
-533,30
-533,30
-533,30
-533,30
-533,30
-534,31
-534,31
-534,31
-534,31
-535,33
-535,33
-535,33
-535,33
-535,33
-535,33
-535,33
-535,33
-535,33
-535,33
-535,33
-535,33
-535,34
-535,34
-535,34
-535,34
-537,34
-537,34
-537,34
-537,34
-538,33
-538,33
-538,33
-538,33
-539,34
-539,34
-539,34
-539,34
-540,35
-540,35
-540,35
-540,35
-541,35
-541,35
-541,35
-541,35
-542,34
-542,34
-542,34
-542,34
-539,36
-539,36
-539,36
-539,36
-539,35
-539,35
-539,35
-539,35
-538,36
-538,36
-538,36
-538,36
-538,36
-538,36
-538,36
-538,36
-538,38
-538,38
-538,38
-538,38
-539,39
-539,39
-539,39
-539,39
-541,40
-541,40
-541,40
-541,40
-541,38
-541,38
-541,38
-541,38
-542,39
-542,39
-542,39
-542,39
-540,38
-540,38
-540,38
-540,38
-540,39
-540,39
-540,39
-540,39
-541,39
-541,39
-541,39
-541,39
-542,41
-542,41
-542,41
-542,41
-543,42
-543,42
-543,42
-543,42
-544,40
-544,40
-544,40
-544,40
-542,40
-542,40
-542,40
-542,40
-541,41
-541,41
-541,41
-541,41
-541,43
-541,43
-541,43
-541,43
-543,44
-543,44
-543,44
-543,44
-543,44
-543,44
-543,44
-543,44
-545,43
-545,43
-545,43
-545,43
-546,44
-546,44
-546,44
-546,44
-546,44
-546,44
-546,44
-546,44
-544,45
-544,45
-544,45
-544,45
-543,45
-543,45
-543,45
-543,45
-544,46
-544,46
-544,46
-544,46
-545,48
-545,48
-545,48
-545,48
-546,49
-546,49
-546,49
-546,49
-547,49
-547,49
-547,49
-547,49
-547,51
-547,51
-547,51
-547,51
-548,53
-548,53
-548,53
-548,53
-548,53
-548,53
-548,53
-548,53
-549,55
-549,55
-549,55
-549,55
-549,56
-549,56
-549,56
-549,56
-550,57
-550,57
-550,57
-550,57
-550,59
-550,59
-550,59
-550,59
-550,58
-550,58
-550,58
-550,58
-551,59
-551,59
-551,59
-551,59
-551,59
-551,59
-551,59
-551,59
-552,60
-552,60
-552,60
-552,60
-554,63
-554,63
-554,63
-554,63
-555,63
-555,63
-555,63
-555,63
-554,65
-554,65
-554,65
-554,65
-553,66
-553,66
-553,66
-553,66
-554,68
-554,68
-554,68
-554,68
-554,68
-554,68
-554,68
-554,68
-553,67
-553,67
-553,67
-553,67
-554,66
-554,66
-554,66
-554,66
-555,69
-555,69
-555,69
-555,69
-558,69
-558,69
-558,69
-558,69
-560,69
-560,69
-560,69
-560,69
-558,72
-558,72
-558,72
-558,72
-556,75
-556,75
-556,75
-556,75
-557,74
-557,74
-557,74
-557,74
-557,73
-557,73
-557,73
-557,73
-558,75
-558,75
-558,75
-558,75
-560,75
-560,75
-560,75
-560,75
-559,77
-559,77
-559,77
-559,77
-558,78
-558,78
-558,78
-558,78
-558,77
-558,77
-558,77
-558,77
-558,76
-558,76
-558,76
-558,76
-559,76
-559,76
-559,76
-559,76
-561,78
-561,78
-561,78
-561,78
-560,81
-560,81
-560,81
-560,81
-559,81
-559,81
-559,81
-559,81
-558,79
-558,79
-558,79
-558,79
-561,80
-561,80
-561,80
-561,80
-562,79
-562,79
-562,79
-562,79
-560,83
-560,83
-560,83
-560,83
-558,80
-558,80
-558,80
-558,80
-562,83
-562,83
-562,83
-562,83
-560,84
-560,84
-560,84
-560,84
-560,83
-560,83
-560,83
-560,83
-561,84
-561,84
-561,84
-561,84
-560,86
-560,86
-560,86
-560,86
-561,85
-561,85
-561,85
-561,85
-563,86
-563,86
-563,86
-563,86
-560,88
-560,88
-560,88
-560,88
-560,88
-560,88
-560,88
-560,88
-563,90
-563,90
-563,90
-563,90
-562,93
-562,93
-562,93
-562,93
-562,92
-562,92
-562,92
-562,92
-562,95
-562,95
-562,95
-562,95
-562,94
-562,94
-562,94
-562,94
-565,96
-565,96
-565,96
-565,96
-562,97
-562,97
-562,97
-562,97
-563,97
-563,97
-563,97
-563,97
-564,101
-564,101
-564,101
-564,101
-564,101
-564,101
-564,101
-566,103
-566,103
-566,103
-564,104
-564,104
-564,104
-563,103
-563,103
-563,103
-566,106
-566,106
-566,106
-565,108
-565,108
-565,108
-563,107
-563,107
-563,107
-567,111
-567,111
-567,111
-565,112
-565,112
-565,112
-565,113
-565,113
-565,113
-567,116
-567,116
-567,116
-566,117
-566,117
-566,117
-567,118
-567,118
-567,118
-569,119
-569,119
-569,119
-567,123
-567,123
-567,123
-567,122
-567,122
-567,122
-568,127
-568,127
-568,127
-568,128
-568,128
-568,128
-568,129
-568,129
-568,129
-570,132
-570,132
-570,132
-567,133
-567,133
-567,133
-569,134
-569,134
-569,134
-569,134
-570,138
-570,138
-570,138
-568,139
-568,139
-568,139
-567,140
-567,140
-567,140
-570,142
-570,142
-570,142
-568,145
-568,145
-568,145
-568,144
-568,144
-568,144
-569,145
-569,145
-569,145
-571,148
-571,148
-571,148
-569,152
-569,152
-569,152
-567,151
-567,151
-567,151
-570,153
-570,153
-570,153
-571,153
-571,153
-571,153
-569,156
-569,156
-569,156
-567,156
-567,156
-567,156
-571,156
-571,156
-571,156
-570,161
-570,161
-570,161
-567,162
-567,162
-567,162
-567,160
-567,160
-567,160
-570,163
-570,163
-570,163
-568,166
-568,166
-568,166
-566,166
-566,166
-566,166
-566,165
-566,165
-566,165
-569,167
-569,167
-569,167
-568,171
-568,171
-568,171
-566,171
-566,171
-566,171
-565,170
-565,170
-565,170
-568,172
-568,172
-568,172
-569,173
-569,173
-569,173
-569,173
-566,177
-566,177
-566,177
-565,178
-565,178
-565,178
-565,177
-565,177
-565,177
-567,178
-567,178
-567,178
-567,179
-567,179
-567,179
-566,181
-566,181
-566,181
-565,181
-565,181
-565,181
-565,179
-565,179
-565,179
-564,181
-564,181
-564,181
-566,181
-566,181
-566,181
-568,180
-568,180
-568,180
-568,179
-568,179
-568,179
-567,180
-567,180
-567,180
-566,181
-566,181
-566,181
-566,180
-566,180
-566,180
-566,182
-566,182
-566,182
-565,181
-565,181
-565,181
-565,181
-565,181
-565,181
-566,181
-566,181
-566,181
-565,180
-565,180
-565,180
-566,180
-566,180
-566,180
-566,180
-566,181
-566,181
-566,181
-566,181
-566,181
-566,181
-565,180
-565,180
-565,180
-565,180
-565,180
-565,180
-566,181
-566,181
-566,181
-566,179
-566,179
-566,179
-566,179
-566,180
-566,180
-566,180
-566,178
-566,178
-566,178
-567,178
-567,178
-567,178
-567,177
-567,177
-567,177
-567,178
-567,178
-567,178
-567,177
-567,177
-567,177
-567,178
-567,178
-567,178
-567,177
-567,177
-567,177
-568,176
-568,176
-568,176
-567,176
-567,176
-567,176
-568,177
-568,177
-568,177
-567,176
-567,176
-567,176
-567,177
-567,177
-567,177
-567,177
-567,177
-567,177
-566,176
-566,176
-566,176
-567,176
-567,176
-567,176
-565,178
-565,178
-565,178
-567,177
-567,177
-567,177
-565,177
-565,177
-565,177
-566,177
-566,177
-566,177
-567,177
-567,177
-567,177
-566,177
-566,177
-566,177
-565,176
-565,176
-565,176
-566,176
-566,176
-566,176
-566,177
-566,177
-566,177
-567,177
-567,177
-567,177
-566,176
-566,176
-566,176
-565,177
-565,177
-565,177
-566,177
-566,177
-566,177
-565,178
-565,178
-565,178
-566,176
-566,176
-566,176
-565,176
-565,176
-565,176
-566,176
-566,176
-566,176
-566,176
-566,176
-566,176
-565,177
-565,177
-565,177
-566,176
-566,176
-566,176
-566,176
-566,176
-566,176
-566,177
-566,177
-566,177
-565,177
-565,177
-565,177
-565,176
-565,176
-565,176
-566,177
-566,177
-566,177
-565,177
-565,177
-565,177
-566,177
-566,177
-566,177
-566,177
-566,177
-566,177
-565,176
-565,176
-565,176
-565,176
-565,176
-565,176
-566,179
-566,179
-566,179
-565,177
-565,177
-565,177
-565,179
-565,179
-565,179
-565,179
-565,179
-565,179
-565,182
-565,182
-565,182
-565,181
-565,181
-565,181
-564,181
-564,181
-564,181
-563,181
-563,181
-563,181
-564,182
-564,182
-564,182
-565,183
-565,183
-565,183
-564,181
-564,181
-564,181
-565,184
-565,184
-565,184
-565,183
-565,183
-565,183
-565,184
-565,184
-565,184
-566,186
-566,186
-566,186
-567,185
-567,185
-567,185
-566,186
-566,186
-566,186
-567,187
-567,187
-567,187
-566,187
-566,187
-566,187
-568,189
-568,189
-568,189
-566,189
-566,189
-566,189
-566,189
-566,189
-566,189
-566,190
-566,190
-566,190
-565,190
-565,190
-565,190
-566,189
-566,189
-566,189
-566,192
-566,192
-566,192
-565,193
-565,193
-565,193
-564,194
-564,194
-564,194
-564,195
-564,195
-564,195
-564,197
-564,197
-564,197
-562,198
-562,198
-562,198
-562,200
-562,200
-562,200
-562,200
-562,200
-562,200
-561,201
-561,201
-561,201
-560,202
-560,202
-560,202
-560,204
-560,204
-560,204
-563,207
-563,207
-563,207
-562,207
-562,207
-562,207
-562,210
-562,210
-562,210
-560,213
-560,213
-560,213
-559,213
-559,213
-559,213
-560,212
-560,212
-560,212
-557,215
-557,215
-557,215
-559,217
-559,217
-559,217
-561,218
-561,218
-561,218
-560,221
-560,221
-560,221
-558,225
-558,225
-558,225
-557,225
-557,225
-557,225
-554,227
-554,227
-554,227
-557,228
-557,228
-557,228
-558,230
-558,230
-558,230
-555,234
-555,234
-555,234
-554,236
-554,236
-554,236
-553,237
-553,237
-553,237
-553,239
-553,239
-553,239
-555,240
-555,240
-555,240
-552,245
-552,245
-552,245
-550,245
-550,245
-550,245
-550,247
-550,247
-550,247
-552,249
-552,249
-552,249
-548,253
-548,253
-548,253
-546,254
-546,254
-546,254
-545,255
-545,255
-545,255
-547,257
-547,257
-547,257
-543,260
-543,260
-543,260
-543,261
-543,261
-543,261
-545,261
-545,261
-545,261
-543,266
-543,266
-543,266
-541,266
-541,266
-541,266
-541,266
-541,266
-541,266
-541,270
-541,270
-541,270
-538,272
-538,272
-538,272
-537,272
-537,272
-537,272
-539,274
-539,274
-539,274
-537,276
-537,276
-537,276
-536,277
-536,277
-536,277
-538,280
-538,280
-538,280
-534,280
-534,280
-534,280
-533,279
-533,279
-533,279
-535,283
-535,283
-535,283
-531,285
-531,285
-531,285
-530,286
-530,286
-530,286
-529,290
-529,290
-529,290
-529,288
-529,288
-529,288
-528,291
-528,291
-528,291
-527,293
-527,293
-527,293
-527,293
-523,293
-523,293
-523,293
-527,295
-527,295
-527,295
-523,299
-523,299
-523,299
-522,296
-522,296
-522,296
-523,298
-523,298
-523,298
-520,301
-520,301
-520,301
-519,300
-519,300
-519,300
-520,301
-520,301
-520,301
-519,305
-519,305
-519,305
-516,303
-516,303
-516,303
-514,303
-514,303
-514,303
-517,305
-517,305
-517,305
-515,307
-515,307
-515,307
-514,305
-514,305
-514,305
-512,306
-512,306
-512,306
-516,305
-516,305
-516,305
-514,308
-514,308
-514,308
-513,310
-513,310
-513,310
-512,310
-512,310
-512,310
-511,309
-511,309
-511,309
-511,309
-511,309
-511,309
-512,311
-512,311
-512,311
-511,310
-511,310
-511,310
-510,311
-510,311
-510,311
-510,310
-510,310
-510,310
-510,311
-510,311
-510,311
-510,312
-510,312
-510,312
-510,312
-510,312
-510,312
-510,311
-510,311
-510,311
-509,312
-509,312
-509,312
-509,313
-509,313
-509,313
-509,313
-509,313
-509,313
-508,315
-508,315
-508,315
-509,315
-509,315
-509,315
-508,314
-508,314
-508,314
-508,315
-508,315
-508,315
-508,316
-508,316
-508,316
-507,317
-507,317
-507,317
-507,317
-507,317
-507,317
-506,320
-506,320
-506,320
-505,321
-505,321
-505,321
-503,319
-503,319
-503,319
-504,321
-504,321
-504,321
-504,321
-504,321
-504,321
-503,322
-503,322
-503,322
-502,323
-502,323
-502,323
-502,324
-502,324
-502,324
-501,327
-501,327
-501,327
-501,326
-501,326
-501,326
-501,326
-500,328
-500,328
-500,328
-500,330
-500,330
-500,330
-497,330
-497,330
-497,330
-498,330
-498,330
-498,330
-498,331
-498,331
-498,331
-496,332
-496,332
-496,332
-496,332
-496,332
-496,332
-495,333
-495,333
-495,333
-495,335
-495,335
-495,335
-494,335
-494,335
-494,335
-493,336
-493,336
-493,336
-493,336
-493,336
-493,336
-492,337
-492,337
-492,337
-490,337
-490,337
-490,337
-489,338
-489,338
-489,338
-488,338
-488,338
-488,338
-488,340
-488,340
-488,340
-489,341
-489,341
-489,341
-488,344
-488,344
-488,344
-486,345
-486,345
-486,345
-484,346
-484,346
-484,346
-484,344
-484,344
-484,344
-482,345
-482,345
-482,345
-483,347
-483,347
-483,347
-483,347
-483,347
-483,347
-480,349
-480,349
-480,349
-478,350
-478,350
-478,350
-478,348
-478,348
-478,348
-476,348
-476,348
-476,348
-478,349
-478,349
-478,349
-477,352
-477,352
-477,352
-474,353
-474,353
-474,353
-473,351
-473,351
-473,351
-471,351
-471,351
-471,351
-473,352
-473,352
-473,352
-473,353
-473,353
-473,353
-469,356
-469,356
-469,356
-469,353
-469,353
-469,353
-468,354
-468,354
-468,354
-469,354
-469,354
-469,354
-466,357
-466,357
-466,357
-463,354
-463,354
-463,354
-464,355
-464,355
-464,355
-464,355
-464,355
-464,355
-463,357
-463,357
-463,357
-461,358
-461,358
-461,358
-460,357
-460,357
-460,357
-460,355
-460,355
-460,355
-462,357
-462,357
-462,357
-459,360
-459,360
-459,360
-458,360
-458,360
-458,360
-457,359
-457,359
-457,359
-455,358
-455,358
-455,358
-458,359
-458,359
-458,359
-458,360
-458,360
-458,360
-455,361
-455,361
-455,361
-455,361
-455,361
-455,361
-454,359
-454,359
-454,359
-453,358
-453,358
-453,358
-454,359
-454,359
-454,359
-455,360
-455,360
-455,360
-454,359
-454,359
-454,359
-452,361
-452,361
-452,361
-451,362
-451,362
-451,362
-450,363
-450,363
-450,363
-450,362
-450,362
-450,362
-449,361
-449,361
-449,361
-449,361
-449,361
-449,361
-449,361
-449,361
-449,361
-448,361
-448,361
-448,361
-450,361
-450,361
-450,361
-450,361
-450,361
-450,361
-450,364
-450,364
-450,364
-448,362
-448,362
-448,362
-447,363
-447,363
-447,363
-446,364
-446,364
-446,364
-446,364
-446,364
-446,364
-445,363
-445,363
-445,363
-446,363
-446,363
-446,363
-445,363
-445,363
-445,363
-444,363
-444,363
-444,363
-444,363
-444,363
-444,363
-444,363
-444,363
-444,363
-444,363
-444,363
-444,363
-444,363
-444,363
-444,363
-443,364
-443,364
-443,364
-443,363
-443,363
-443,363
-442,364
-442,364
-442,364
-443,364
-443,364
-443,364
-443,364
-443,364
-443,364
-442,363
-442,363
-442,363
-442,365
-442,365
-442,365
-443,364
-443,364
-443,364
-442,364
-442,364
-442,364
-443,364
-443,364
-443,364
-442,365
-442,365
-442,365
-443,365
-443,365
-443,365
-444,365
-444,365
-444,365
-443,364
-443,364
-443,364
-444,365
-444,365
-444,365
-445,364
-445,364
-445,364
-444,366
-444,366
-444,366
-445,365
-445,365
-445,365
-443,365
-443,365
-443,365
-445,365
-445,365
-445,365
-444,365
-444,365
-444,365
-444,364
-444,364
-444,364
-444,364
-444,364
-444,364
-445,363
-445,363
-445,363
-444,365
-444,365
-444,365
-445,364
-445,364
-445,364
-446,364
-446,364
-446,364
-445,363
-445,363
-445,363
-447,362
-447,362
-447,362
-447,360
-447,360
-447,360
-447,362
-447,362
-447,362
-447,362
-447,362
-447,362
-448,361
-448,361
-448,361
-449,360
-449,360
-449,360
-449,361
-449,361
-449,361
-448,361
-448,361
-448,361
-449,360
-449,360
-449,360
-447,361
-447,361
-447,361
-449,360
-449,360
-449,360
-449,360
-449,360
-449,360
-449,361
-449,361
-449,361
-449,361
-449,361
-449,361
-448,361
-448,361
-448,361
-449,359
-449,359
-449,359
-450,361
-450,361
-450,361
-450,361
-450,361
-450,361
-450,361
-450,361
-450,361
-451,361
-451,361
-451,361
-452,360
-452,360
-452,360
-451,361
-451,361
-451,361
-451,361
-451,361
-451,361
-451,361
-451,361
-451,361
-451,361
-451,361
-451,361
-452,361
-452,361
-452,361
-451,361
-451,361
-451,361
-451,362
-451,362
-451,362
-451,360
-451,360
-451,360
-451,361
-451,361
-451,361
-451,361
-451,361
-451,361
-450,362
-450,362
-450,362
-451,362
-451,362
-451,362
-451,360
-451,360
-451,360
-451,361
-451,361
-451,361
-451,360
-451,360
-451,360
-451,361
-451,361
-451,361
-451,361
-451,361
-451,361
-452,361
-452,361
-452,361
-451,360
-451,360
-451,360
-451,361
-451,361
-451,361
-452,361
-452,361
-452,361
-451,361
-451,361
-451,361
-450,361
-450,361
-450,361
-450,362
-450,362
-450,362
-451,362
-451,362
-451,362
-450,361
-450,361
-450,361
-450,361
-450,361
-450,361
-451,362
-451,362
-451,362
-450,360
-450,360
-450,360
-451,361
-451,361
-451,361
-451,361
-451,361
-451,361
-452,360
-452,360
-452,360
-452,362
-452,362
-452,362
-450,361
-450,361
-450,361
-451,361
-451,361
-451,361
-450,362
-450,362
-450,362
-450,362
-450,362
-450,362
-450,362
-450,362
-450,362
-451,362
-451,362
-451,362
-451,361
-451,361
-451,361
-450,361
-450,361
-450,361
-451,360
-451,360
-451,360
-451,360
-451,360
-451,360
-450,361
-450,361
-450,361
-451,361
-451,361
-451,361
-451,361
-451,361
-451,361
-451,361
-451,361
-451,361
-451,361
-451,361
-451,361
-452,361
-452,361
-452,361
-450,361
-450,361
-450,361
-451,361
-451,361
-451,361
-451,361
-451,361
-451,361
-450,361
-450,361
-450,361
-451,361
-451,361
-451,361
-450,362
-450,362
-450,362
-451,362
-451,362
-451,362
-452,360
-452,360
-452,360
-451,361
-451,361
-451,361
-452,360
-452,360
-452,360
-450,361
-450,361
-450,361
-452,362
-452,362
-452,362
-450,361
-450,361
-450,361
-451,362
-451,362
-451,362
-451,359
-451,359
-451,359
-450,361
-450,361
-450,361
-452,362
-452,362
-452,362
-451,361
-451,361
-451,361
-451,361
-451,361
-451,361
-451,361
-451,361
-451,361
-451,361
-451,361
-451,361
-451,360
-451,360
-451,360
-451,361
-451,361
-451,361
-452,362
-452,362
-452,362
-451,361
-451,361
-451,361
-452,361
-452,361
-452,361
-451,361
-451,361
-451,361
-451,361
-451,361
-451,361
-451,361
-451,361
-451,361
-450,361
-450,361
-450,361
-450,362
-450,362
-450,362
-451,361
-451,361
-451,361
-451,360
-451,360
-451,360
-450,362
-450,362
-450,362
-451,361
-451,361
-451,361
-450,360
-450,360
-450,360
-451,361
-451,361
-451,361
-451,362
-451,362
-451,362
-451,361
-451,361
-451,361
-451,362
-451,362
-451,362
-451,361
-451,361
-451,361
-452,361
-452,361
-452,361
-451,362
-451,362
-451,362
-450,361
-450,361
-450,361
-450,361
-450,361
-450,361
-451,361
-451,361
-451,361
-450,362
-450,362
-450,362
-450,361
-450,361
-450,361
-451,362
-451,362
-451,362
-452,361
-452,361
-452,361
-451,361
-451,361
-451,361
-451,361
-451,361
-451,361
-451,361
-451,361
-451,361
-451,362
-451,362
-451,362
-452,361
-452,361
-452,361
-451,361
-451,361
-451,361
-452,361
-452,361
-452,361
-452,360
-452,360
-452,360
-450,360
-450,360
-450,360
-451,360
-451,360
-451,360
-450,361
-450,361
-450,361
-450,362
-450,362
-450,362
-452,361
-452,361
-452,361
-450,361
-450,361
-450,361
-450,360
-450,360
-450,360
-451,362
-451,362
-451,362
-450,361
-450,361
-450,361
-451,362
-451,362
-451,362
-451,360
-451,360
-451,360
-451,362
-451,362
-451,362
-450,361
-450,361
-450,361
-450,361
-450,361
-450,361
-451,361
-451,361
-451,361
-450,361
-450,361
-450,361
-451,362
-451,362
-451,362
-450,361
-450,361
-450,361
-450,360
-450,360
-450,360
-451,360
-451,360
-451,360
-450,361
-450,361
-450,361
-451,361
-451,361
-451,361
-451,362
-451,362
-451,362
-450,361
-450,361
-450,361
-451,361
-451,361
-451,361
-451,361
-451,361
-451,361
-451,361
-451,361
-451,361
-451,361
-451,361
-451,361
-449,361
-449,361
-449,361
-450,361
-450,361
-450,361
-451,362
-451,362
-451,362
-451,361
-451,361
-451,361
-451,360
-451,360
-451,360
-450,360
-450,360
-450,360
-450,362
-450,362
-450,362
-451,362
-451,362
-451,362
-451,361
-451,361
-451,361
-450,361
-450,361
-450,361
-450,361
-450,361
-450,361
-450,360
-450,360
-450,360
-450,360
-450,360
-450,360
-449,361
-449,361
-449,361
-449,360
-449,360
-449,360
-450,361
-450,361
-450,361
-451,360
-451,360
-451,360
-451,361
-451,361
-451,361
-451,361
-451,361
-451,361
-450,361
-450,361
-450,361
-451,362
-451,362
-451,362
-451,361
-451,361
-451,361
-451,361
-451,361
-451,361
-450,360
-450,360
-450,360
-450,360
-450,360
-450,360
-451,362
-451,362
-451,362
-449,361
-449,361
-449,361
-451,360
-451,360
-451,360
-450,361
-450,361
-450,361
-451,360
-451,360
-451,360
-451,360
-451,360
-451,360
-451,361
-451,361
-451,361
-450,360
-450,360
-450,360
-449,360
-449,360
-449,360
-451,361
-451,361
-451,361
-450,361
-450,361
-450,361
-450,360
-450,360
-450,360
-451,360
-451,360
-451,360
-450,360
-450,360
-450,360
-451,360
-451,360
-451,360
-451,360
-451,360
-451,360
-450,361
-450,361
-450,361
-451,360
-451,360
-451,360
-451,361
-451,361
-451,361
-451,360
-451,360
-451,360
-451,360
-451,360
-451,360
-450,362
-450,362
-450,362
-451,361
-451,361
-451,361
-451,360
-451,360
-451,360
-450,362
-450,362
-450,362
-451,360
-451,360
-451,360
-451,361
-451,361
-451,361
-451,360
-451,360
-451,360
-452,360
-452,360
-452,360
-450,360
-450,360
-450,360
-451,360
-451,360
-451,360
-451,361
-451,361
-451,361
-452,361
-452,361
-452,361
-451,359
-451,359
-451,359
-450,361
-450,361
-450,361
-451,361
-451,361
-451,361
-451,361
-451,361
-451,361
-451,360
-451,360
-451,360
-451,361
-451,361
-451,361
-452,360
-452,360
-452,360
-450,360
-450,360
-450,360
-451,361
-451,361
-451,361
-450,360
-450,360
-450,360
-451,360
-451,360
-451,360
-450,361
-450,361
-450,361
-450,360
-450,360
-450,360
-451,361
-451,361
-451,361
-451,361
-451,361
-451,361
-450,361
-450,361
-450,361
-451,361
-451,361
-451,361
-451,361
-451,361
-451,361
-450,361
-450,361
-450,361
-451,360
-451,360
-451,360
-450,360
-450,360
-450,360
-451,360
-451,360
-451,360
-451,360
-451,360
-451,360
-450,361
-450,361
-450,361
-451,360
-451,360
-451,360
-451,360
-451,360
-451,360
-450,361
-450,361
-450,361
-451,361
-451,361
-451,361
-450,360
-450,360
-450,360
-451,362
-451,362
-451,362
-451,360
-451,360
-451,360
-452,361
-452,361
-452,361
-451,360
-451,360
-451,360
-452,361
-452,361
-452,361
-451,361
-451,361
-451,361
-451,360
-451,360
-451,360
-450,361
-450,361
-450,361
-450,360
-450,360
-450,360
-451,362
-451,362
-451,362
-451,360
-451,360
-451,360
-450,360
-450,360
-450,360
-451,361
-451,361
-451,361
-451,360
-451,360
-451,360
-451,361
-451,361
-451,361
-451,360
-451,360
-451,360
-451,360
-451,360
-451,360
-451,360
-451,360
-451,360
-451,361
-451,361
-451,361
-452,360
-452,360
-452,360
-450,361
-450,361
-450,361
-450,361
-450,361
-450,361
-451,360
-451,360
-451,360
-450,359
-450,359
-450,359
-451,360
-451,360
-451,360
-450,360
-450,360
-450,360
-451,360
-451,360
-451,360
-451,361
-451,361
-451,361
-451,360
-451,360
-451,360
-451,360
-451,360
-451,360
-450,361
-450,361
-450,361
-452,361
-452,361
-452,361
-451,360
-451,360
-451,360
-449,360
-449,360
-449,360
-451,361
-451,361
-451,361
-450,361
-450,361
-450,361
-450,361
-450,361
-450,361
-451,359
-451,359
-451,359
-450,361
-450,361
-450,361
-450,360
-450,360
-450,360
-451,360
-451,360
-451,360
-451,360
-451,360
-451,360
-451,360
-451,360
-451,360
-451,360
-451,360
-451,360
-451,361
-451,361
-451,361
-451,362
-451,362
-451,362
-451,359
-451,359
-451,359
-451,361
-451,361
-451,361
-450,360
-450,360
-450,360
-451,360
-451,360
-451,360
-450,360
-450,360
-450,360
-451,361
-451,361
-451,361
-450,361
-450,361
-450,361
-449,361
-449,361
-449,361
-451,361
-451,361
-451,361
-451,360
-451,360
-451,360
-452,361
-452,361
-452,361
-451,361
-451,361
-451,361
-451,361
-451,361
-451,361
-451,360
-451,360
-451,360
-451,360
-451,360
-451,360
-450,361
-450,361
-450,361
-451,360
-451,360
-451,360
-451,360
-451,360
-451,360
-451,360
-451,360
-451,360
-451,361
-451,361
-451,361
-450,360
-450,360
-450,360
-451,360
-451,360
-451,360
-451,361
-451,361
-451,361
-451,360
-451,360
-451,360
-451,360
-451,360
-451,360
-451,360
-451,360
-451,360
-451,361
-451,361
-451,361
-451,360
-451,360
-451,360
-450,361
-450,361
-450,361
-450,361
-450,361
-450,361
-451,361
-451,361
-451,361
-450,360
-450,360
-450,360
-451,360
-451,360
-451,360
-451,360
-451,360
-451,360
-450,361
-450,361
-450,361
-450,360
-450,360
-450,360
-451,361
-451,361
-451,361
-450,362
-450,362
-450,362
-452,361
-452,361
-452,361
-450,360
-450,360
-450,360
-451,360
-451,360
-451,360
-450,360
-450,360
-450,360
-451,360
-451,360
-451,360
-450,361
-450,361
-450,361
-451,360
-451,360
-451,360
-449,361
-449,361
-449,361
-452,361
-452,361
-452,361
-451,360
-451,360
-451,360
-450,361
-450,361
-450,361
-451,360
-451,360
-451,360
-450,360
-450,360
-450,360
-451,361
-451,361
-451,361
-451,360
-451,360
-451,360
-451,361
-451,361
-451,361
-451,360
-451,360
-451,360
-451,360
-451,360
-451,360
-451,360
-451,360
-451,360
-451,359
-451,359
-451,359
-450,361
-450,361
-450,361
-450,361
-450,361
-450,361
-450,360
-450,360
-450,360
-451,361
-451,361
-451,361
-451,361
-451,361
-451,361
-450,360
-450,360
-450,360
-450,361
-450,361
-450,361
-450,360
-450,360
-450,360
-450,361
-450,361
-450,361
-450,360
-450,360
-450,360
-451,360
-451,360
-451,360
-450,360
-450,360
-450,360
-451,361
-451,361
-451,361
-451,361
-451,361
-451,361
-450,361
-450,361
-450,361
-450,360
-450,360
-450,360
-450,360
-450,360
-450,360
-451,360
-451,360
-451,360
-450,360
-450,360
-450,360
-449,360
-449,360
-449,360
-451,360
-451,360
-451,360
-451,360
-451,360
-451,360
-451,360
-451,360
-451,360
-451,361
-451,361
-451,361
-451,361
-451,361
-451,361
-451,360
-451,360
-451,360
-450,361
-450,361
-450,361
-451,360
-451,360
-451,360
-450,360
-450,360
-450,360
-450,360
-450,360
-450,360
-451,361
-451,361
-451,361
-451,360
-451,360
-451,360
-451,361
-451,361
-451,361
-450,359
-450,359
-450,359
-450,360
-450,360
-450,360
-450,361
-450,361
-450,361
-451,362
-451,362
-451,362
-450,361
-450,361
-450,361
-451,360
-451,360
-451,360
-451,360
-451,360
-451,360
-450,361
-450,361
-450,361
-451,360
-451,360
-451,360
-451,361
-451,361
-451,361
-451,359
-451,359
-451,359
-451,359
-451,359
-451,359
-450,359
-450,359
-450,359
-451,361
-451,361
-451,361
-450,360
-450,360
-450,360
-451,360
-451,360
-451,360
-451,360
-451,360
-451,360
-450,360
-450,360
-450,360
-451,361
-451,361
-451,361
-451,361
-451,361
-451,361
-451,361
-451,361
-451,361
-451,361
-451,361
-451,361
-451,361
-451,361
-451,361
-451,360
-451,360
-451,360
-450,360
-450,360
-450,360
-450,361
-450,361
-450,361
-450,361
-450,361
-450,361
-449,360
-449,360
-449,360
-450,360
-450,360
-450,360
-451,361
-451,361
-451,361
-451,360
-451,360
-451,360
-452,362
-452,362
-452,362
-450,360
-450,360
-450,360
-451,361
-451,361
-451,361
-451,360
-451,360
-451,360
-450,360
-450,360
-450,360
-451,360
-451,360
-451,360
-451,360
-451,360
-451,360
-450,360
-450,360
-450,360
-450,360
-450,360
-450,360
-449,361
-449,361
-449,361
-450,361
-450,361
-450,361
-451,361
-451,361
-451,361
-451,360
-451,360
-451,360
-451,361
-451,361
-451,361
-450,361
-450,361
-450,361
-451,359
-451,359
-451,359
-450,359
-450,359
-450,359
-450,361
-450,361
-450,361
-451,359
-451,359
-451,359
-449,361
-449,361
-449,361
-450,360
-450,360
-450,360
-451,360
-451,360
-451,360
-451,361
-451,361
-451,361
-449,360
-449,360
-449,360
-450,361
-450,361
-450,361
-450,360
-450,360
-450,360
-450,360
-450,360
-450,360
-450,360
-450,360
-450,360
-450,360
-450,360
-450,360
-451,361
-451,361
-451,361
-451,360
-451,360
-451,360
-450,361
-450,361
-450,361
-450,361
-450,361
-450,361
-451,361
-451,361
-451,361
-450,361
-450,361
-450,361
-450,362
-450,362
-450,362
-451,361
-451,361
-451,361
-450,361
-450,361
-450,361
-451,361
-451,361
-451,361
-450,361
-450,361
-450,361
-450,362
-450,362
-450,362
-451,361
-451,361
-451,361
-450,360
-450,360
-450,360
-450,360
-450,360
-450,360
-450,360
-450,360
-450,360
-450,360
-450,360
-450,360
-451,361
-451,361
-451,361
-450,360
-450,360
-450,360
-451,360
-451,360
-451,360
-451,359
-451,359
-451,359
-450,361
-450,361
-450,361
-450,361
-450,361
-450,361
-451,361
-451,361
-451,361
-451,361
-451,361
-451,361
-450,361
-450,361
-450,361
-450,361
-450,361
-450,361
-450,361
-450,361
-450,361
-451,361
-451,361
-451,361
-451,360
-451,360
-451,360
-450,361
-450,361
-450,361
-450,361
-450,361
-450,361
-450,360
-450,360
-450,360
-450,360
-450,360
-450,360
-450,361
-450,361
-450,361
-451,362
-451,362
-451,362
-451,362
-451,362
-451,362
-450,360
-450,360
-450,360
-450,361
-450,361
-450,361
-450,359
-450,359
-450,359
-450,360
-450,360
-450,360
-451,361
-451,361
-451,361
-450,360
-450,360
-450,360
-450,362
-450,362
-450,362
-451,361
-451,361
-451,361
-451,361
-451,361
-451,361
-450,361
-450,361
-450,361
-451,361
-451,361
-451,361
-451,360
-451,360
-451,360
-450,360
-450,360
-450,360
-449,360
-449,360
-449,360
-450,361
-450,361
-450,361
-451,360
-451,360
-451,360
-451,361
-451,361
-451,361
-451,361
-451,361
-451,361
-451,361
-451,361
-451,361
-449,359
-449,359
-449,359
-450,361
-450,361
-450,361
-451,360
-451,360
-451,360
-451,360
-451,360
-451,360
-451,360
-451,360
-451,360
-451,360
-451,360
-451,360
-451,360
-451,360
-451,360
-450,361
-450,361
-450,361
-451,362
-451,362
-451,362
-450,361
-450,361
-450,361
-451,359
-451,359
-451,359
-451,360
-451,360
-451,360
-450,361
-450,361
-450,361
-450,361
-450,361
-450,361
-451,360
-451,360
-451,360
-450,360
-450,360
-450,360
-451,360
-451,360
-451,360
-451,360
-451,360
-451,360
-451,361
-451,361
-451,361
-450,361
-450,361
-450,361
-450,359
-450,359
-450,359
-450,360
-450,360
-450,360
-449,360
-449,360
-449,360
-450,360
-450,360
-450,360
-450,361
-450,361
-450,361
-449,359
-449,359
-449,359
-451,361
-451,361
-451,361
-451,361
-451,361
-451,361
-451,361
-451,361
-451,361
-451,360
-451,360
-451,360
-451,360
-451,360
-451,360
-452,361
-452,361
-452,361
-450,359
-450,359
-450,359
-450,361
-450,361
-450,361
-451,361
-451,361
-451,361
-450,360
-450,360
-450,360
-450,361
-450,361
-450,361
-450,361
-450,361
-450,361
-451,359
-451,359
-451,359
-451,360
-451,360
-451,360
-451,360
-451,360
-451,360
-451,360
-451,360
-451,360
-450,360
-450,360
-450,360
-450,360
-450,360
-450,360
-451,359
-451,359
-451,359
-450,361
-450,361
-450,361
-450,359
-450,359
-450,359
-451,361
-451,361
-451,361
-450,361
-450,361
-450,361
-451,361
-451,361
-451,361
-452,360
-452,360
-452,360
-450,359
-450,359
-450,359
-451,361
-451,361
-451,361
-451,361
-451,361
-451,361
-451,360
-451,360
-451,360
-451,360
-451,360
-451,360
-450,361
-450,361
-450,361
-450,361
-450,361
-450,361
-451,361
-451,361
-451,361
-452,360
-452,360
-452,360
-451,362
-451,362
-451,362
-451,359
-451,359
-451,359
-452,360
-452,360
-452,360
-451,359
-451,359
-451,359
-451,361
-451,361
-451,361
-451,360
-451,360
-451,360
-451,360
-451,360
-451,360
-450,360
-450,360
-450,360
-451,360
-451,360
-451,360
-450,360
-450,360
-450,360
-450,361
-450,361
-450,361
-450,360
-450,360
-450,360
-451,360
-451,360
-451,360
-451,362
-451,362
-451,362
-450,360
-450,360
-450,360
-451,361
-451,361
-451,361
-450,361
-450,361
-450,361
-450,361
-450,361
-450,361
-451,360
-451,360
-451,360
-451,360
-451,360
-451,360
-451,361
-451,361
-451,361
-450,361
-450,361
-450,361
-451,360
-451,360
-451,360
-450,360
-450,360
-450,360
-451,360
-451,360
-451,360
-449,360
-449,360
-449,360
-451,360
-451,360
-451,360
-451,361
-451,361
-451,361
-451,360
-451,360
-451,360
-451,360
-451,360
-451,360
-451,361
-451,361
-451,361
-451,360
-451,360
-451,360
-450,361
-450,361
-450,361
-451,361
-451,361
-451,361
-450,361
-450,361
-450,361
-452,359
-452,359
-452,359
-451,360
-451,360
-451,360
-451,361
-451,361
-451,361
-450,360
-450,360
-450,360
-451,359
-451,359
-451,359
-450,360
-450,360
-450,360
-451,361
-451,361
-451,361
-450,362
-450,362
-450,362
-451,359
-451,359
-451,359
-451,361
-451,361
-451,361
-451,360
-451,360
-451,360
-451,360
-451,360
-451,360
-450,360
-450,360
-450,360
-450,360
-450,360
-450,360
-450,360
-450,360
-450,360
-452,360
-452,360
-452,360
-451,361
-451,361
-451,361
-452,361
-452,361
-452,361
-450,359
-450,359
-450,359
-452,359
-452,359
-452,359
-450,359
-450,359
-450,359
-451,360
-451,360
-451,360
-450,361
-450,361
-450,361
-450,360
-450,360
-450,360
-451,360
-451,360
-451,360
-451,360
-451,360
-451,360
-451,361
-451,361
-451,361
-450,361
-450,361
-450,361
-451,360
-451,360
-451,360
-450,361
-450,361
-450,361
-452,361
-452,361
-452,361
-450,360
-450,360
-450,360
-452,360
-452,360
-452,360
-451,361
-451,361
-451,361
-450,360
-450,360
-450,360
-452,361
-452,361
-452,361
-450,360
-450,360
-450,360
-451,360
-451,360
-451,360
-452,360
-452,360
-452,360
-451,361
-451,361
-451,361
-450,360
-450,360
-450,360
-451,360
-451,360
-451,360
-451,361
-451,361
-451,361
-451,361
-451,361
-451,361
-450,361
-450,361
-450,361
-450,361
-450,361
-450,361
-451,361
-451,361
-451,361
-451,360
-451,360
-451,360
-451,360
-451,360
-451,360
-451,361
-451,361
-451,361
-451,361
-451,361
-451,361
-451,360
-451,360
-451,360
-450,360
-450,360
-450,360
-451,359
-451,359
-451,359
-450,361
-450,361
-450,361
-450,361
-450,361
-450,361
-451,360
-451,360
-451,360
-449,361
-449,361
-449,361
-451,362
-451,362
-451,362
-450,360
-450,360
-450,360
-451,360
-451,360
-451,360
-450,361
-450,361
-450,361
-451,361
-451,361
-451,361
-450,360
-450,360
-450,360
-450,360
-450,360
-450,360
-451,359
-451,359
-451,359
-451,360
-451,360
-451,360
-451,359
-451,359
-451,359
-450,361
-450,361
-450,361
-452,362
-452,362
-452,362
-451,361
-451,361
-451,361
-450,361
-450,361
-450,361
-452,360
-452,360
-452,360
-451,361
-451,361
-451,361
-450,360
-450,360
-450,360
-450,360
-450,360
-450,360
-450,361
-450,361
-450,361
-450,359
-450,359
-450,359
-450,360
-450,360
-450,360
-451,361
-451,361
-451,361
-450,361
-450,361
-450,361
-450,361
-450,361
-450,361
-451,361
-451,361
-451,361
-450,361
-450,361
-450,361
-451,361
-451,361
-451,361
-451,360
-451,360
-451,360
-450,360
-450,360
-450,360
-450,360
-450,360
-450,360
-450,361
-450,361
-450,361
-451,361
-451,361
-451,361
-451,360
-451,360
-451,360
-450,361
-450,361
-450,361
-451,360
-451,360
-451,360
-451,361
-451,361
-451,361
-450,360
-450,360
-450,360
-450,360
-450,360
-450,360
-450,359
-450,359
-450,359
-450,362
-450,362
-450,362
-451,361
-451,361
-451,361
-451,360
-451,360
-451,360
-450,360
-450,360
-450,360
-451,359
-451,359
-451,359
-450,361
-450,361
-450,361
-450,360
-450,360
-450,360
-451,362
-451,362
-451,362
-451,360
-451,360
-451,360
-451,359
-451,359
-451,359
-452,359
-452,359
-452,359
-450,361
-450,361
-450,361
-450,361
-450,361
-450,361
-451,360
-451,360
-451,360
-451,361
-451,361
-451,361
-450,361
-450,361
-450,361
-451,360
-451,360
-451,360
-450,359
-450,359
-450,359
-451,361
-451,361
